{"C:\\Users\\juanm\\Documents\\57Blocks\\single-meal-app-web\\src\\app\\view\\Login.vue": {"path":"C:\\Users\\juanm\\Documents\\57Blocks\\single-meal-app-web\\src\\app\\view\\Login.vue","statementMap":{"0":{"start":{"line":5,"column":0},"end":{"line":24,"column":2}},"1":{"start":{"line":8,"column":2},"end":{"line":8,"column":31}},"2":{"start":{"line":8,"column":24},"end":{"line":8,"column":31}},"3":{"start":{"line":9,"column":13},"end":{"line":9,"column":50}},"4":{"start":{"line":10,"column":2},"end":{"line":19,"column":3}},"5":{"start":{"line":11,"column":4},"end":{"line":18,"column":6}},"6":{"start":{"line":16,"column":8},"end":{"line":16,"column":20}},"7":{"start":{"line":20,"column":2},"end":{"line":20,"column":37}},"8":{"start":{"line":22,"column":2},"end":{"line":22,"column":31}},"9":{"start":{"line":22,"column":24},"end":{"line":22,"column":31}},"10":{"start":{"line":23,"column":2},"end":{"line":23,"column":15}},"11":{"start":{"line":27,"column":0},"end":{"line":36,"column":2}},"12":{"start":{"line":30,"column":2},"end":{"line":33,"column":5}},"13":{"start":{"line":35,"column":2},"end":{"line":35,"column":19}},"14":{"start":{"line":39,"column":0},"end":{"line":47,"column":1}},"15":{"start":{"line":42,"column":2},"end":{"line":42,"column":40}},"16":{"start":{"line":42,"column":29},"end":{"line":42,"column":40}},"17":{"start":{"line":43,"column":15},"end":{"line":43,"column":17}},"18":{"start":{"line":44,"column":2},"end":{"line":44,"column":139}},"19":{"start":{"line":44,"column":19},"end":{"line":44,"column":139}},"20":{"start":{"line":44,"column":38},"end":{"line":44,"column":139}},"21":{"start":{"line":44,"column":107},"end":{"line":44,"column":139}},"22":{"start":{"line":45,"column":2},"end":{"line":45,"column":34}},"23":{"start":{"line":46,"column":2},"end":{"line":46,"column":16}},"24":{"start":{"line":50,"column":0},"end":{"line":78,"column":1}},"25":{"start":{"line":54,"column":4},"end":{"line":56,"column":7}},"26":{"start":{"line":55,"column":6},"end":{"line":55,"column":21}},"27":{"start":{"line":58,"column":2},"end":{"line":77,"column":5}},"28":{"start":{"line":60,"column":6},"end":{"line":64,"column":7}},"29":{"start":{"line":61,"column":8},"end":{"line":61,"column":36}},"30":{"start":{"line":63,"column":8},"end":{"line":63,"column":18}},"31":{"start":{"line":67,"column":6},"end":{"line":71,"column":7}},"32":{"start":{"line":68,"column":8},"end":{"line":68,"column":40}},"33":{"start":{"line":70,"column":8},"end":{"line":70,"column":18}},"34":{"start":{"line":74,"column":6},"end":{"line":74,"column":90}},"35":{"start":{"line":76,"column":4},"end":{"line":76,"column":74}},"36":{"start":{"line":81,"column":0},"end":{"line":172,"column":1}},"37":{"start":{"line":84,"column":10},"end":{"line":94,"column":5}},"38":{"start":{"line":89,"column":8},"end":{"line":89,"column":33}},"39":{"start":{"line":89,"column":22},"end":{"line":89,"column":33}},"40":{"start":{"line":90,"column":8},"end":{"line":90,"column":20}},"41":{"start":{"line":99,"column":2},"end":{"line":105,"column":8}},"42":{"start":{"line":104,"column":4},"end":{"line":104,"column":16}},"43":{"start":{"line":107,"column":4},"end":{"line":109,"column":6}},"44":{"start":{"line":108,"column":6},"end":{"line":108,"column":26}},"45":{"start":{"line":112,"column":4},"end":{"line":112,"column":66}},"46":{"start":{"line":112,"column":11},"end":{"line":112,"column":66}},"47":{"start":{"line":113,"column":4},"end":{"line":165,"column":5}},"48":{"start":{"line":113,"column":46},"end":{"line":165,"column":5}},"49":{"start":{"line":114,"column":6},"end":{"line":114,"column":163}},"50":{"start":{"line":114,"column":154},"end":{"line":114,"column":163}},"51":{"start":{"line":115,"column":6},"end":{"line":115,"column":46}},"52":{"start":{"line":115,"column":20},"end":{"line":115,"column":46}},"53":{"start":{"line":116,"column":6},"end":{"line":158,"column":7}},"54":{"start":{"line":119,"column":10},"end":{"line":119,"column":17}},"55":{"start":{"line":120,"column":10},"end":{"line":120,"column":16}},"56":{"start":{"line":122,"column":10},"end":{"line":122,"column":20}},"57":{"start":{"line":123,"column":10},"end":{"line":126,"column":12}},"58":{"start":{"line":128,"column":10},"end":{"line":128,"column":20}},"59":{"start":{"line":129,"column":10},"end":{"line":129,"column":20}},"60":{"start":{"line":130,"column":10},"end":{"line":130,"column":19}},"61":{"start":{"line":131,"column":10},"end":{"line":131,"column":19}},"62":{"start":{"line":133,"column":10},"end":{"line":133,"column":27}},"63":{"start":{"line":134,"column":10},"end":{"line":134,"column":23}},"64":{"start":{"line":135,"column":10},"end":{"line":135,"column":19}},"65":{"start":{"line":137,"column":10},"end":{"line":140,"column":11}},"66":{"start":{"line":138,"column":12},"end":{"line":138,"column":18}},"67":{"start":{"line":139,"column":12},"end":{"line":139,"column":21}},"68":{"start":{"line":141,"column":10},"end":{"line":144,"column":11}},"69":{"start":{"line":142,"column":12},"end":{"line":142,"column":28}},"70":{"start":{"line":143,"column":12},"end":{"line":143,"column":18}},"71":{"start":{"line":145,"column":10},"end":{"line":149,"column":11}},"72":{"start":{"line":146,"column":12},"end":{"line":146,"column":27}},"73":{"start":{"line":147,"column":12},"end":{"line":147,"column":19}},"74":{"start":{"line":148,"column":12},"end":{"line":148,"column":18}},"75":{"start":{"line":150,"column":10},"end":{"line":154,"column":11}},"76":{"start":{"line":151,"column":12},"end":{"line":151,"column":27}},"77":{"start":{"line":152,"column":12},"end":{"line":152,"column":27}},"78":{"start":{"line":153,"column":12},"end":{"line":153,"column":18}},"79":{"start":{"line":155,"column":10},"end":{"line":155,"column":32}},"80":{"start":{"line":155,"column":20},"end":{"line":155,"column":32}},"81":{"start":{"line":156,"column":10},"end":{"line":156,"column":23}},"82":{"start":{"line":157,"column":10},"end":{"line":157,"column":19}},"83":{"start":{"line":159,"column":6},"end":{"line":159,"column":33}},"84":{"start":{"line":161,"column":6},"end":{"line":161,"column":18}},"85":{"start":{"line":162,"column":6},"end":{"line":162,"column":12}},"86":{"start":{"line":164,"column":6},"end":{"line":164,"column":16}},"87":{"start":{"line":166,"column":4},"end":{"line":166,"column":31}},"88":{"start":{"line":166,"column":19},"end":{"line":166,"column":31}},"89":{"start":{"line":167,"column":4},"end":{"line":170,"column":6}},"90":{"start":{"line":173,"column":0},"end":{"line":175,"column":3}},"91":{"start":{"line":176,"column":12},"end":{"line":176,"column":26}},"92":{"start":{"line":177,"column":21},"end":{"line":177,"column":44}},"93":{"start":{"line":178,"column":10},"end":{"line":178,"column":38}},"94":{"start":{"line":179,"column":13},"end":{"line":179,"column":28}},"95":{"start":{"line":180,"column":14},"end":{"line":180,"column":33}},"96":{"start":{"line":181,"column":31},"end":{"line":181,"column":64}},"97":{"start":{"line":182,"column":17},"end":{"line":182,"column":48}},"98":{"start":{"line":183,"column":0},"end":{"line":252,"column":3}},"99":{"start":{"line":189,"column":16},"end":{"line":189,"column":49}},"100":{"start":{"line":190,"column":26},"end":{"line":190,"column":94}},"101":{"start":{"line":191,"column":4},"end":{"line":193,"column":6}},"102":{"start":{"line":198,"column":4},"end":{"line":201,"column":7}},"103":{"start":{"line":211,"column":4},"end":{"line":216,"column":6}},"104":{"start":{"line":222,"column":6},"end":{"line":249,"column":9}},"105":{"start":{"line":224,"column":8},"end":{"line":248,"column":11}},"106":{"start":{"line":225,"column":10},"end":{"line":247,"column":11}},"107":{"start":{"line":227,"column":14},"end":{"line":227,"column":34}},"108":{"start":{"line":228,"column":14},"end":{"line":228,"column":27}},"109":{"start":{"line":230,"column":14},"end":{"line":230,"column":39}},"110":{"start":{"line":231,"column":14},"end":{"line":234,"column":18}},"111":{"start":{"line":236,"column":14},"end":{"line":236,"column":24}},"112":{"start":{"line":237,"column":14},"end":{"line":239,"column":17}},"113":{"start":{"line":240,"column":14},"end":{"line":240,"column":38}},"114":{"start":{"line":242,"column":14},"end":{"line":242,"column":34}},"115":{"start":{"line":243,"column":14},"end":{"line":243,"column":39}},"116":{"start":{"line":244,"column":14},"end":{"line":244,"column":38}},"117":{"start":{"line":246,"column":14},"end":{"line":246,"column":36}},"118":{"start":{"line":253,"column":0},"end":{"line":253,"column":13}},"119":{"start":{"line":254,"column":0},"end":{"line":254,"column":62}},"120":{"start":{"line":255,"column":0},"end":{"line":255,"column":24}},"121":{"start":{"line":256,"column":12},"end":{"line":256,"column":26}},"122":{"start":{"line":257,"column":17},"end":{"line":257,"column":39}},"123":{"start":{"line":258,"column":31},"end":{"line":258,"column":374}},"124":{"start":{"line":259,"column":17},"end":{"line":259,"column":45}},"125":{"start":{"line":260,"column":31},"end":{"line":260,"column":133}},"126":{"start":{"line":261,"column":17},"end":{"line":261,"column":41}},"127":{"start":{"line":262,"column":31},"end":{"line":265,"column":29}},"128":{"start":{"line":266,"column":17},"end":{"line":266,"column":41}},"129":{"start":{"line":267,"column":31},"end":{"line":270,"column":32}},"130":{"start":{"line":271,"column":31},"end":{"line":271,"column":135}},"131":{"start":{"line":272,"column":32},"end":{"line":275,"column":29}},"132":{"start":{"line":276,"column":18},"end":{"line":279,"column":1}},"133":{"start":{"line":281,"column":27},"end":{"line":281,"column":63}},"134":{"start":{"line":282,"column":34},"end":{"line":282,"column":77}},"135":{"start":{"line":283,"column":26},"end":{"line":283,"column":61}},"136":{"start":{"line":284,"column":4},"end":{"line":337,"column":8}},"137":{"start":{"line":294,"column":58},"end":{"line":330,"column":18}},"138":{"start":{"line":300,"column":97},"end":{"line":300,"column":133}},"139":{"start":{"line":317,"column":97},"end":{"line":317,"column":136}},"140":{"start":{"line":339,"column":0},"end":{"line":339,"column":24}},"141":{"start":{"line":340,"column":1},"end":{"line":340,"column":48}}},"fnMap":{"0":{"name":"(anonymous_0)","decl":{"start":{"line":7,"column":45},"end":{"line":7,"column":46}},"loc":{"start":{"line":7,"column":68},"end":{"line":21,"column":1}},"line":7},"1":{"name":"get","decl":{"start":{"line":15,"column":6},"end":{"line":15,"column":9}},"loc":{"start":{"line":15,"column":12},"end":{"line":17,"column":7}},"line":15},"2":{"name":"(anonymous_2)","decl":{"start":{"line":21,"column":4},"end":{"line":21,"column":5}},"loc":{"start":{"line":21,"column":27},"end":{"line":24,"column":1}},"line":21},"3":{"name":"(anonymous_3)","decl":{"start":{"line":29,"column":48},"end":{"line":29,"column":49}},"loc":{"start":{"line":29,"column":64},"end":{"line":34,"column":1}},"line":29},"4":{"name":"(anonymous_4)","decl":{"start":{"line":34,"column":4},"end":{"line":34,"column":5}},"loc":{"start":{"line":34,"column":20},"end":{"line":36,"column":1}},"line":34},"5":{"name":"(anonymous_5)","decl":{"start":{"line":41,"column":25},"end":{"line":41,"column":26}},"loc":{"start":{"line":41,"column":40},"end":{"line":47,"column":1}},"line":41},"6":{"name":"(anonymous_6)","decl":{"start":{"line":52,"column":22},"end":{"line":52,"column":23}},"loc":{"start":{"line":52,"column":67},"end":{"line":78,"column":1}},"line":52},"7":{"name":"adopt","decl":{"start":{"line":53,"column":11},"end":{"line":53,"column":16}},"loc":{"start":{"line":53,"column":24},"end":{"line":57,"column":3}},"line":53},"8":{"name":"(anonymous_8)","decl":{"start":{"line":54,"column":46},"end":{"line":54,"column":47}},"loc":{"start":{"line":54,"column":65},"end":{"line":56,"column":5}},"line":54},"9":{"name":"(anonymous_9)","decl":{"start":{"line":58,"column":34},"end":{"line":58,"column":35}},"loc":{"start":{"line":58,"column":61},"end":{"line":77,"column":3}},"line":58},"10":{"name":"fulfilled","decl":{"start":{"line":59,"column":13},"end":{"line":59,"column":22}},"loc":{"start":{"line":59,"column":30},"end":{"line":65,"column":5}},"line":59},"11":{"name":"rejected","decl":{"start":{"line":66,"column":13},"end":{"line":66,"column":21}},"loc":{"start":{"line":66,"column":29},"end":{"line":72,"column":5}},"line":66},"12":{"name":"step","decl":{"start":{"line":73,"column":13},"end":{"line":73,"column":17}},"loc":{"start":{"line":73,"column":26},"end":{"line":75,"column":5}},"line":73},"13":{"name":"(anonymous_13)","decl":{"start":{"line":83,"column":24},"end":{"line":83,"column":25}},"loc":{"start":{"line":83,"column":49},"end":{"line":172,"column":1}},"line":83},"14":{"name":"sent","decl":{"start":{"line":88,"column":6},"end":{"line":88,"column":10}},"loc":{"start":{"line":88,"column":13},"end":{"line":91,"column":7}},"line":88},"15":{"name":"(anonymous_15)","decl":{"start":{"line":103,"column":59},"end":{"line":103,"column":60}},"loc":{"start":{"line":103,"column":71},"end":{"line":105,"column":3}},"line":103},"16":{"name":"verb","decl":{"start":{"line":106,"column":11},"end":{"line":106,"column":15}},"loc":{"start":{"line":106,"column":19},"end":{"line":110,"column":3}},"line":106},"17":{"name":"(anonymous_17)","decl":{"start":{"line":107,"column":11},"end":{"line":107,"column":12}},"loc":{"start":{"line":107,"column":24},"end":{"line":109,"column":5}},"line":107},"18":{"name":"step","decl":{"start":{"line":111,"column":11},"end":{"line":111,"column":15}},"loc":{"start":{"line":111,"column":20},"end":{"line":171,"column":3}},"line":111},"19":{"name":"setup","decl":{"start":{"line":188,"column":2},"end":{"line":188,"column":7}},"loc":{"start":{"line":188,"column":10},"end":{"line":194,"column":3}},"line":188},"20":{"name":"mounted","decl":{"start":{"line":197,"column":2},"end":{"line":197,"column":9}},"loc":{"start":{"line":197,"column":12},"end":{"line":202,"column":3}},"line":197},"21":{"name":"data","decl":{"start":{"line":210,"column":2},"end":{"line":210,"column":6}},"loc":{"start":{"line":210,"column":9},"end":{"line":217,"column":3}},"line":210},"22":{"name":"handleSubmit","decl":{"start":{"line":221,"column":4},"end":{"line":221,"column":16}},"loc":{"start":{"line":221,"column":19},"end":{"line":250,"column":5}},"line":221},"23":{"name":"(anonymous_23)","decl":{"start":{"line":222,"column":45},"end":{"line":222,"column":46}},"loc":{"start":{"line":222,"column":57},"end":{"line":249,"column":7}},"line":222},"24":{"name":"(anonymous_24)","decl":{"start":{"line":224,"column":33},"end":{"line":224,"column":34}},"loc":{"start":{"line":224,"column":47},"end":{"line":248,"column":9}},"line":224},"25":{"name":"render","decl":{"start":{"line":280,"column":9},"end":{"line":280,"column":15}},"loc":{"start":{"line":280,"column":30},"end":{"line":338,"column":1}},"line":280},"26":{"name":"(anonymous_26)","decl":{"start":{"line":294,"column":44},"end":{"line":294,"column":45}},"loc":{"start":{"line":294,"column":56},"end":{"line":330,"column":20}},"line":294},"27":{"name":"(anonymous_27)","decl":{"start":{"line":300,"column":77},"end":{"line":300,"column":78}},"loc":{"start":{"line":300,"column":95},"end":{"line":300,"column":135}},"line":300},"28":{"name":"(anonymous_28)","decl":{"start":{"line":317,"column":77},"end":{"line":317,"column":78}},"loc":{"start":{"line":317,"column":95},"end":{"line":317,"column":138}},"line":317}},"branchMap":{"0":{"loc":{"start":{"line":5,"column":0},"end":{"line":24,"column":2}},"type":"binary-expr","locations":[{"start":{"line":5,"column":0},"end":{"line":5,"column":6}},{"start":{"line":7,"column":29},"end":{"line":24,"column":1}}],"line":5},"1":{"loc":{"start":{"line":7,"column":29},"end":{"line":24,"column":1}},"type":"cond-expr","locations":[{"start":{"line":7,"column":45},"end":{"line":21,"column":1}},{"start":{"line":21,"column":4},"end":{"line":24,"column":1}}],"line":7},"2":{"loc":{"start":{"line":8,"column":2},"end":{"line":8,"column":31}},"type":"if","locations":[{"start":{"line":8,"column":2},"end":{"line":8,"column":31}},{"start":{},"end":{}}],"line":8},"3":{"loc":{"start":{"line":10,"column":2},"end":{"line":19,"column":3}},"type":"if","locations":[{"start":{"line":10,"column":2},"end":{"line":19,"column":3}},{"start":{},"end":{}}],"line":10},"4":{"loc":{"start":{"line":10,"column":6},"end":{"line":10,"column":83}},"type":"binary-expr","locations":[{"start":{"line":10,"column":6},"end":{"line":10,"column":11}},{"start":{"line":10,"column":16},"end":{"line":10,"column":82}}],"line":10},"5":{"loc":{"start":{"line":10,"column":16},"end":{"line":10,"column":82}},"type":"cond-expr","locations":[{"start":{"line":10,"column":32},"end":{"line":10,"column":45}},{"start":{"line":10,"column":48},"end":{"line":10,"column":82}}],"line":10},"6":{"loc":{"start":{"line":10,"column":48},"end":{"line":10,"column":82}},"type":"binary-expr","locations":[{"start":{"line":10,"column":48},"end":{"line":10,"column":61}},{"start":{"line":10,"column":65},"end":{"line":10,"column":82}}],"line":10},"7":{"loc":{"start":{"line":22,"column":2},"end":{"line":22,"column":31}},"type":"if","locations":[{"start":{"line":22,"column":2},"end":{"line":22,"column":31}},{"start":{},"end":{}}],"line":22},"8":{"loc":{"start":{"line":27,"column":0},"end":{"line":36,"column":2}},"type":"binary-expr","locations":[{"start":{"line":27,"column":0},"end":{"line":27,"column":6}},{"start":{"line":29,"column":32},"end":{"line":36,"column":1}}],"line":27},"9":{"loc":{"start":{"line":29,"column":32},"end":{"line":36,"column":1}},"type":"cond-expr","locations":[{"start":{"line":29,"column":48},"end":{"line":34,"column":1}},{"start":{"line":34,"column":4},"end":{"line":36,"column":1}}],"line":29},"10":{"loc":{"start":{"line":39,"column":0},"end":{"line":47,"column":1}},"type":"binary-expr","locations":[{"start":{"line":39,"column":0},"end":{"line":39,"column":6}},{"start":{"line":41,"column":25},"end":{"line":47,"column":1}}],"line":39},"11":{"loc":{"start":{"line":42,"column":2},"end":{"line":42,"column":40}},"type":"if","locations":[{"start":{"line":42,"column":2},"end":{"line":42,"column":40}},{"start":{},"end":{}}],"line":42},"12":{"loc":{"start":{"line":42,"column":6},"end":{"line":42,"column":27}},"type":"binary-expr","locations":[{"start":{"line":42,"column":6},"end":{"line":42,"column":9}},{"start":{"line":42,"column":13},"end":{"line":42,"column":27}}],"line":42},"13":{"loc":{"start":{"line":44,"column":2},"end":{"line":44,"column":139}},"type":"if","locations":[{"start":{"line":44,"column":2},"end":{"line":44,"column":139}},{"start":{},"end":{}}],"line":44},"14":{"loc":{"start":{"line":44,"column":38},"end":{"line":44,"column":139}},"type":"if","locations":[{"start":{"line":44,"column":38},"end":{"line":44,"column":139}},{"start":{},"end":{}}],"line":44},"15":{"loc":{"start":{"line":44,"column":42},"end":{"line":44,"column":105}},"type":"binary-expr","locations":[{"start":{"line":44,"column":42},"end":{"line":44,"column":57}},{"start":{"line":44,"column":61},"end":{"line":44,"column":105}}],"line":44},"16":{"loc":{"start":{"line":50,"column":0},"end":{"line":78,"column":1}},"type":"binary-expr","locations":[{"start":{"line":50,"column":0},"end":{"line":50,"column":6}},{"start":{"line":52,"column":22},"end":{"line":78,"column":1}}],"line":50},"17":{"loc":{"start":{"line":54,"column":11},"end":{"line":56,"column":6}},"type":"cond-expr","locations":[{"start":{"line":54,"column":32},"end":{"line":54,"column":37}},{"start":{"line":54,"column":40},"end":{"line":56,"column":6}}],"line":54},"18":{"loc":{"start":{"line":58,"column":14},"end":{"line":58,"column":32}},"type":"binary-expr","locations":[{"start":{"line":58,"column":14},"end":{"line":58,"column":15}},{"start":{"line":58,"column":20},"end":{"line":58,"column":31}}],"line":58},"19":{"loc":{"start":{"line":74,"column":6},"end":{"line":74,"column":89}},"type":"cond-expr","locations":[{"start":{"line":74,"column":20},"end":{"line":74,"column":41}},{"start":{"line":74,"column":44},"end":{"line":74,"column":89}}],"line":74},"20":{"loc":{"start":{"line":76,"column":47},"end":{"line":76,"column":63}},"type":"binary-expr","locations":[{"start":{"line":76,"column":47},"end":{"line":76,"column":57}},{"start":{"line":76,"column":61},"end":{"line":76,"column":63}}],"line":76},"21":{"loc":{"start":{"line":81,"column":0},"end":{"line":172,"column":1}},"type":"binary-expr","locations":[{"start":{"line":81,"column":0},"end":{"line":81,"column":6}},{"start":{"line":83,"column":24},"end":{"line":172,"column":1}}],"line":81},"22":{"loc":{"start":{"line":89,"column":8},"end":{"line":89,"column":33}},"type":"if","locations":[{"start":{"line":89,"column":8},"end":{"line":89,"column":33}},{"start":{},"end":{}}],"line":89},"23":{"loc":{"start":{"line":103,"column":5},"end":{"line":105,"column":4}},"type":"binary-expr","locations":[{"start":{"line":103,"column":5},"end":{"line":103,"column":33}},{"start":{"line":103,"column":38},"end":{"line":105,"column":3}}],"line":103},"24":{"loc":{"start":{"line":112,"column":4},"end":{"line":112,"column":66}},"type":"if","locations":[{"start":{"line":112,"column":4},"end":{"line":112,"column":66}},{"start":{},"end":{}}],"line":112},"25":{"loc":{"start":{"line":113,"column":11},"end":{"line":113,"column":41}},"type":"binary-expr","locations":[{"start":{"line":113,"column":11},"end":{"line":113,"column":12}},{"start":{"line":113,"column":17},"end":{"line":113,"column":40}}],"line":113},"26":{"loc":{"start":{"line":113,"column":24},"end":{"line":113,"column":40}},"type":"binary-expr","locations":[{"start":{"line":113,"column":24},"end":{"line":113,"column":29}},{"start":{"line":113,"column":34},"end":{"line":113,"column":39}}],"line":113},"27":{"loc":{"start":{"line":114,"column":6},"end":{"line":114,"column":163}},"type":"if","locations":[{"start":{"line":114,"column":6},"end":{"line":114,"column":163}},{"start":{},"end":{}}],"line":114},"28":{"loc":{"start":{"line":114,"column":17},"end":{"line":114,"column":152}},"type":"binary-expr","locations":[{"start":{"line":114,"column":17},"end":{"line":114,"column":18}},{"start":{"line":114,"column":23},"end":{"line":114,"column":119}},{"start":{"line":114,"column":124},"end":{"line":114,"column":152}}],"line":114},"29":{"loc":{"start":{"line":114,"column":27},"end":{"line":114,"column":119}},"type":"cond-expr","locations":[{"start":{"line":114,"column":39},"end":{"line":114,"column":50}},{"start":{"line":114,"column":53},"end":{"line":114,"column":119}}],"line":114},"30":{"loc":{"start":{"line":114,"column":53},"end":{"line":114,"column":119}},"type":"cond-expr","locations":[{"start":{"line":114,"column":61},"end":{"line":114,"column":110}},{"start":{"line":114,"column":113},"end":{"line":114,"column":119}}],"line":114},"31":{"loc":{"start":{"line":114,"column":61},"end":{"line":114,"column":110}},"type":"binary-expr","locations":[{"start":{"line":114,"column":61},"end":{"line":114,"column":71}},{"start":{"line":114,"column":76},"end":{"line":114,"column":109}}],"line":114},"32":{"loc":{"start":{"line":114,"column":76},"end":{"line":114,"column":106}},"type":"binary-expr","locations":[{"start":{"line":114,"column":77},"end":{"line":114,"column":92}},{"start":{"line":114,"column":97},"end":{"line":114,"column":106}}],"line":114},"33":{"loc":{"start":{"line":115,"column":6},"end":{"line":115,"column":46}},"type":"if","locations":[{"start":{"line":115,"column":6},"end":{"line":115,"column":46}},{"start":{},"end":{}}],"line":115},"34":{"loc":{"start":{"line":116,"column":6},"end":{"line":158,"column":7}},"type":"switch","locations":[{"start":{"line":117,"column":8},"end":{"line":117,"column":15}},{"start":{"line":118,"column":8},"end":{"line":120,"column":16}},{"start":{"line":121,"column":8},"end":{"line":126,"column":12}},{"start":{"line":127,"column":8},"end":{"line":131,"column":19}},{"start":{"line":132,"column":8},"end":{"line":135,"column":19}},{"start":{"line":136,"column":8},"end":{"line":157,"column":19}}],"line":116},"35":{"loc":{"start":{"line":137,"column":10},"end":{"line":140,"column":11}},"type":"if","locations":[{"start":{"line":137,"column":10},"end":{"line":140,"column":11}},{"start":{},"end":{}}],"line":137},"36":{"loc":{"start":{"line":137,"column":14},"end":{"line":137,"column":96}},"type":"binary-expr","locations":[{"start":{"line":137,"column":14},"end":{"line":137,"column":64}},{"start":{"line":137,"column":69},"end":{"line":137,"column":80}},{"start":{"line":137,"column":84},"end":{"line":137,"column":95}}],"line":137},"37":{"loc":{"start":{"line":137,"column":32},"end":{"line":137,"column":63}},"type":"binary-expr","locations":[{"start":{"line":137,"column":32},"end":{"line":137,"column":44}},{"start":{"line":137,"column":48},"end":{"line":137,"column":63}}],"line":137},"38":{"loc":{"start":{"line":141,"column":10},"end":{"line":144,"column":11}},"type":"if","locations":[{"start":{"line":141,"column":10},"end":{"line":144,"column":11}},{"start":{},"end":{}}],"line":141},"39":{"loc":{"start":{"line":141,"column":14},"end":{"line":141,"column":65}},"type":"binary-expr","locations":[{"start":{"line":141,"column":14},"end":{"line":141,"column":25}},{"start":{"line":141,"column":30},"end":{"line":141,"column":32}},{"start":{"line":141,"column":36},"end":{"line":141,"column":48}},{"start":{"line":141,"column":52},"end":{"line":141,"column":64}}],"line":141},"40":{"loc":{"start":{"line":145,"column":10},"end":{"line":149,"column":11}},"type":"if","locations":[{"start":{"line":145,"column":10},"end":{"line":149,"column":11}},{"start":{},"end":{}}],"line":145},"41":{"loc":{"start":{"line":145,"column":14},"end":{"line":145,"column":43}},"type":"binary-expr","locations":[{"start":{"line":145,"column":14},"end":{"line":145,"column":25}},{"start":{"line":145,"column":29},"end":{"line":145,"column":43}}],"line":145},"42":{"loc":{"start":{"line":150,"column":10},"end":{"line":154,"column":11}},"type":"if","locations":[{"start":{"line":150,"column":10},"end":{"line":154,"column":11}},{"start":{},"end":{}}],"line":150},"43":{"loc":{"start":{"line":150,"column":14},"end":{"line":150,"column":33}},"type":"binary-expr","locations":[{"start":{"line":150,"column":14},"end":{"line":150,"column":15}},{"start":{"line":150,"column":19},"end":{"line":150,"column":33}}],"line":150},"44":{"loc":{"start":{"line":155,"column":10},"end":{"line":155,"column":32}},"type":"if","locations":[{"start":{"line":155,"column":10},"end":{"line":155,"column":32}},{"start":{},"end":{}}],"line":155},"45":{"loc":{"start":{"line":166,"column":4},"end":{"line":166,"column":31}},"type":"if","locations":[{"start":{"line":166,"column":4},"end":{"line":166,"column":31}},{"start":{},"end":{}}],"line":166},"46":{"loc":{"start":{"line":168,"column":13},"end":{"line":168,"column":35}},"type":"cond-expr","locations":[{"start":{"line":168,"column":21},"end":{"line":168,"column":26}},{"start":{"line":168,"column":29},"end":{"line":168,"column":35}}],"line":168},"47":{"loc":{"start":{"line":225,"column":10},"end":{"line":247,"column":11}},"type":"switch","locations":[{"start":{"line":226,"column":12},"end":{"line":228,"column":27}},{"start":{"line":229,"column":12},"end":{"line":234,"column":18}},{"start":{"line":235,"column":12},"end":{"line":240,"column":38}},{"start":{"line":241,"column":12},"end":{"line":244,"column":38}},{"start":{"line":245,"column":12},"end":{"line":246,"column":36}}],"line":225},"48":{"loc":{"start":{"line":300,"column":51},"end":{"line":300,"column":136}},"type":"binary-expr","locations":[{"start":{"line":300,"column":51},"end":{"line":300,"column":60}},{"start":{"line":300,"column":65},"end":{"line":300,"column":135}}],"line":300},"49":{"loc":{"start":{"line":317,"column":51},"end":{"line":317,"column":139}},"type":"binary-expr","locations":[{"start":{"line":317,"column":51},"end":{"line":317,"column":60}},{"start":{"line":317,"column":65},"end":{"line":317,"column":138}}],"line":317},"50":{"loc":{"start":{"line":333,"column":12},"end":{"line":335,"column":61}},"type":"cond-expr","locations":[{"start":{"line":334,"column":19},"end":{"line":334,"column":148}},{"start":{"line":335,"column":18},"end":{"line":335,"column":61}}],"line":333}},"s":{"0":1,"1":0,"2":0,"3":0,"4":0,"5":0,"6":0,"7":0,"8":0,"9":0,"10":0,"11":1,"12":0,"13":0,"14":1,"15":1,"16":1,"17":0,"18":0,"19":0,"20":0,"21":0,"22":0,"23":0,"24":1,"25":0,"26":0,"27":0,"28":0,"29":0,"30":0,"31":0,"32":0,"33":0,"34":0,"35":0,"36":1,"37":0,"38":0,"39":0,"40":0,"41":0,"42":0,"43":0,"44":0,"45":0,"46":0,"47":0,"48":0,"49":0,"50":0,"51":0,"52":0,"53":0,"54":0,"55":0,"56":0,"57":0,"58":0,"59":0,"60":0,"61":0,"62":0,"63":0,"64":0,"65":0,"66":0,"67":0,"68":0,"69":0,"70":0,"71":0,"72":0,"73":0,"74":0,"75":0,"76":0,"77":0,"78":0,"79":0,"80":0,"81":0,"82":0,"83":0,"84":0,"85":0,"86":0,"87":0,"88":0,"89":0,"90":1,"91":1,"92":1,"93":1,"94":1,"95":1,"96":1,"97":1,"98":1,"99":3,"100":3,"101":3,"102":3,"103":3,"104":0,"105":0,"106":0,"107":0,"108":0,"109":0,"110":0,"111":0,"112":0,"113":0,"114":0,"115":0,"116":0,"117":0,"118":1,"119":1,"120":1,"121":1,"122":1,"123":1,"124":1,"125":1,"126":1,"127":1,"128":1,"129":1,"130":1,"131":1,"132":1,"133":6,"134":6,"135":6,"136":6,"137":8,"138":6,"139":4,"140":1,"141":1},"f":{"0":0,"1":0,"2":0,"3":0,"4":0,"5":1,"6":0,"7":0,"8":0,"9":0,"10":0,"11":0,"12":0,"13":0,"14":0,"15":0,"16":0,"17":0,"18":0,"19":3,"20":3,"21":3,"22":0,"23":0,"24":0,"25":6,"26":8,"27":6,"28":4},"b":{"0":[1,1],"1":[1,0],"2":[0,0],"3":[0,0],"4":[0,0],"5":[0,0],"6":[0,0],"7":[0,0],"8":[1,1],"9":[1,0],"10":[1,1],"11":[1,0],"12":[1,1],"13":[0,0],"14":[0,0],"15":[0,0],"16":[1,1],"17":[0,0],"18":[0,0],"19":[0,0],"20":[0,0],"21":[1,1],"22":[0,0],"23":[0,0],"24":[0,0],"25":[0,0],"26":[0,0],"27":[0,0],"28":[0,0,0],"29":[0,0],"30":[0,0],"31":[0,0],"32":[0,0],"33":[0,0],"34":[0,0,0,0,0,0],"35":[0,0],"36":[0,0,0],"37":[0,0],"38":[0,0],"39":[0,0,0,0],"40":[0,0],"41":[0,0],"42":[0,0],"43":[0,0],"44":[0,0],"45":[0,0],"46":[0,0],"47":[0,0,0,0,0],"48":[8,2],"49":[8,2],"50":[0,6]},"inputSourceMap":{"0":"{","1":"\"","2":"v","3":"e","4":"r","5":"s","6":"i","7":"o","8":"n","9":"\"","10":":","11":"3","12":",","13":"\"","14":"s","15":"o","16":"u","17":"r","18":"c","19":"e","20":"s","21":"\"","22":":","23":"[","24":"\"","25":"C","26":":","27":"\\","28":"\\","29":"U","30":"s","31":"e","32":"r","33":"s","34":"\\","35":"\\","36":"j","37":"u","38":"a","39":"n","40":"m","41":"\\","42":"\\","43":"D","44":"o","45":"c","46":"u","47":"m","48":"e","49":"n","50":"t","51":"s","52":"\\","53":"\\","54":"5","55":"7","56":"B","57":"l","58":"o","59":"c","60":"k","61":"s","62":"\\","63":"\\","64":"s","65":"i","66":"n","67":"g","68":"l","69":"e","70":"-","71":"m","72":"e","73":"a","74":"l","75":"-","76":"a","77":"p","78":"p","79":"-","80":"w","81":"e","82":"b","83":"\\","84":"\\","85":"s","86":"r","87":"c","88":"\\","89":"\\","90":"a","91":"p","92":"p","93":"\\","94":"\\","95":"v","96":"i","97":"e","98":"w","99":"\\","100":"\\","101":"L","102":"o","103":"g","104":"i","105":"n","106":".","107":"v","108":"u","109":"e","110":"\"","111":"]","112":",","113":"\"","114":"n","115":"a","116":"m","117":"e","118":"s","119":"\"","120":":","121":"[","122":"]","123":",","124":"\"","125":"m","126":"a","127":"p","128":"p","129":"i","130":"n","131":"g","132":"s","133":"\"","134":":","135":"\"","136":";","137":";","138":"A","139":"A","140":"+","141":"D","142":"A","143":",","144":"I","145":"A","146":"A","147":"I","148":",","149":"e","150":"A","151":"A","152":"e","153":";","154":"A","155":"A","156":"A","157":"I","158":";","159":"A","160":"A","161":"A","162":"A","163":";","164":"A","165":"A","166":"A","167":"Q","168":";","169":"A","170":"A","171":"A","172":"A","173":",","174":"S","175":"A","176":"A","177":"K","178":",","179":"e","180":"A","181":"A","182":"e","183":",","184":"K","185":"A","186":"A","187":"M","188":",","189":"M","190":"A","191":"A","192":"M","193":",","194":"C","195":"A","196":"A","197":"C","198":",","199":"M","200":"A","201":"A","202":"M","203":",","204":"G","205":"A","206":"A","207":"I","208":",","209":"U","210":"A","211":"A","212":"S","213":",","214":"C","215":"A","216":"A","217":"C","218":",","219":"E","220":"A","221":"A","222":"E","223":",","224":"C","225":"A","226":"A","227":"C","228":",","229":"E","230":"A","231":"A","232":"E","233":",","234":"C","235":"A","236":"A","237":"C","238":",","239":"E","240":"A","241":"A","242":"E","243":",","244":"E","245":"A","246":"A","247":"E","248":",","249":"E","250":"A","251":"A","252":"E","253":";","254":"E","255":"A","256":"C","257":"5","258":"F","259":",","260":"I","261":"A","262":"A","263":"I","264":",","265":"E","266":"A","267":"A","268":"E","269":",","270":"K","271":"A","272":"A","273":"K","274":",","275":"S","276":"A","277":"A","278":"S","279":",","280":"E","281":"A","282":"A","283":"E","284":",","285":"E","286":"A","287":"A","288":"E","289":",","290":"G","291":"A","292":"A","293":"G","294":",","295":"C","296":"A","297":"A","298":"C","299":";","300":"E","301":"A","302":"C","303":"5","304":"B","305":",","306":"I","307":"A","308":"A","309":"I","310":",","311":"I","312":"A","313":"A","314":"I","315":",","316":"G","317":"A","318":"A","319":"G","320":",","321":"M","322":"A","323":"A","324":"M","325":",","326":"C","327":"A","328":"A","329":"C","330":",","331":"w","332":"B","333":"A","334":"A","335":"w","336":"B","337":",","338":"C","339":"A","340":"A","341":"C","342":",","343":"C","344":"A","345":"A","346":"C","347":",","348":"E","349":"A","350":"A","351":"E","352":",","353":"C","354":"A","355":"A","356":"C","357":",","358":"C","359":"A","360":"A","361":"C","362":";","363":"E","364":"A","365":"C","366":"h","367":"D","368":",","369":"I","370":"A","371":"A","372":"I","373":",","374":"C","375":"A","376":"A","377":"C","378":",","379":"I","380":"A","381":"A","382":"I","383":",","384":"K","385":"A","386":"A","387":"K","388":",","389":"K","390":"A","391":"A","392":"K","393":",","394":"I","395":"A","396":"A","397":"I","398":",","399":"I","400":"A","401":"A","402":"I","403":",","404":"G","405":"A","406":"A","407":"G","408":",","409":"C","410":"A","411":"A","412":"C","413":",","414":"C","415":"A","416":"A","417":"C","418":",","419":"C","420":"A","421":"A","422":"C","423":",","424":"U","425":"A","426":"A","427":"U","428":",","429":"G","430":"A","431":"A","432":"G","433":",","434":"I","435":"A","436":"A","437":"I","438":",","439":"C","440":"A","441":"A","442":"C","443":",","444":"Q","445":"A","446":"A","447":"Q","448":",","449":"I","450":"A","451":"A","452":"I","453":",","454":"I","455":"A","456":"A","457":"I","458":",","459":"C","460":"A","461":"A","462":"C","463":",","464":"Y","465":"A","466":"A","467":"Y","468":",","469":"C","470":"A","471":"A","472":"C","473":",","474":"E","475":"A","476":"A","477":"E","478":";","479":"I","480":"A","481":"C","482":"j","483":"F","484":",","485":"I","486":"A","487":"A","488":"I","489":",","490":"G","491":"A","492":"A","493":"G","494":";","495":"M","496":"A","497":"A","498":"E","499":",","500":"U","501":"A","502":"A","503":"U","504":",","505":"E","506":"A","507":"A","508":"E","509":",","510":"I","511":"A","512":"A","513":"I","514":";","515":"M","516":"A","517":"A","518":"E","519":",","520":"G","521":"A","522":"A","523":"G","524":",","525":"E","526":"A","527":"A","528":"E","529":";","530":"M","531":"A","532":"A","533":"A","534":";","535":"M","536":"A","537":"A","538":"A","539":",","540":"M","541":"A","542":"A","543":"W","544":";","545":"Q","546":"A","547":"A","548":"E","549":",","550":"O","551":"A","552":"A","553":"O","554":",","555":"C","556":"A","557":"A","558":"C","559":",","560":"C","561":"A","562":"A","563":"C","564":",","565":"C","566":"A","567":"A","568":"C","569":",","570":"C","571":"A","572":"A","573":"C","574":";","575":"M","576":"A","577":"A","578":"E","579":";","580":"I","581":"A","582":"A","583":"E","584":",","585":"C","586":"A","587":"A","588":"C","589":";","590":"E","591":"A","592":"C","593":"/","594":"D","595":";","596":"E","597":"A","598":"C","599":"A","600":",","601":"M","602":"A","603":"A","604":"M","605":",","606":"C","607":"A","608":"A","609":"C","610":",","611":"c","612":"A","613":"A","614":"c","615":",","616":"C","617":"A","618":"A","619":"C","620":",","621":"C","622":"A","623":"A","624":"C","625":",","626":"E","627":"A","628":"A","629":"E","630":",","631":"E","632":"A","633":"A","634":"E","635":",","636":"E","637":"A","638":"A","639":"E","640":",","641":"I","642":"A","643":"A","644":"I","645":",","646":"C","647":"A","648":"A","649":"C","650":";","651":";","652":"E","653":"A","654":"E","655":"l","656":"C","657":",","658":"I","659":"A","660":"A","661":"I","662":",","663":"E","664":"A","665":"A","666":"E","667":",","668":"K","669":"A","670":"A","671":"K","672":",","673":"S","674":"A","675":"A","676":"S","677":",","678":"E","679":"A","680":"A","681":"E","682":",","683":"E","684":"A","685":"A","686":"E","687":",","688":"G","689":"A","690":"A","691":"G","692":",","693":"C","694":"A","695":"A","696":"C","697":";","698":"E","699":"A","700":"C","701":"5","702":"B","703":",","704":"C","705":"A","706":"A","707":"C","708":",","709":"C","710":"A","711":"A","712":"C","713":",","714":"E","715":"A","716":"A","717":"E","718":",","719":"C","720":"A","721":"A","722":"C","723":",","724":"G","725":"A","726":"A","727":"G","728":",","729":"C","730":"A","731":"A","732":"C","733":",","734":"C","735":"A","736":"A","737":"C","738":",","739":"C","740":"A","741":"A","742":"C","743":",","744":"C","745":"A","746":"A","747":"C","748":";","749":";","750":"I","751":"A","752":"E","753":"Z","754":",","755":"k","756":"B","757":"A","758":"A","759":"k","760":"B","761":";","762":"A","763":"A","764":"A","765":"I","766":";","767":"A","768":"A","769":"A","770":"A","771":";","772":"A","773":"A","774":"A","775":"Q","776":";","777":"A","778":"A","779":"A","780":"A","781":",","782":"S","783":"A","784":"A","785":"K","786":",","787":"k","788":"B","789":"A","790":"A","791":"k","792":"B","793":",","794":"K","795":"A","796":"A","797":"M","798":",","799":"M","800":"A","801":"A","802":"M","803":",","804":"C","805":"A","806":"A","807":"C","808":",","809":"M","810":"A","811":"A","812":"M","813":",","814":"G","815":"A","816":"A","817":"I","818":",","819":"U","820":"A","821":"A","822":"S","823":",","824":"C","825":"A","826":"A","827":"C","828":",","829":"E","830":"A","831":"A","832":"E","833":",","834":"C","835":"A","836":"A","837":"C","838":",","839":"E","840":"A","841":"A","842":"E","843":";","844":"E","845":"A","846":"C","847":"3","848":"F","849":",","850":"M","851":"A","852":"A","853":"M","854":",","855":"C","856":"A","857":"A","858":"C","859":",","860":"c","861":"A","862":"A","863":"c","864":",","865":"C","866":"A","867":"A","868":"C","869":",","870":"C","871":"A","872":"A","873":"C","874":",","875":"E","876":"A","877":"A","878":"E","879":",","880":"S","881":"A","882":"A","883":"S","884":",","885":"E","886":"A","887":"A","888":"E","889":";","890":"I","891":"A","892":"A","893":"E","894":",","895":"U","896":"A","897":"A","898":"U","899":",","900":"E","901":"A","902":"A","903":"E","904":",","905":"I","906":"A","907":"A","908":"I","909":";","910":"I","911":"A","912":"A","913":"E","914":",","915":"K","916":"A","917":"A","918":"K","919":",","920":"E","921":"A","922":"A","923":"E","924":";","925":"E","926":"A","927":"A","928":"E","929":",","930":"C","931":"A","932":"A","933":"C","934":",","935":"C","936":"A","937":"A","938":"C","939":";","940":"I","941":"A","942":"C","943":"l","944":"E","945":",","946":"U","947":"A","948":"A","949":"S","950":",","951":"C","952":"A","953":"A","954":"C","955":",","956":"E","957":"A","958":"A","959":"E","960":",","961":"C","962":"A","963":"A","964":"C","965":",","966":"E","967":"A","968":"A","969":"E","970":";","971":";","972":"E","973":"A","974":"E","975":"l","976":"B","977":";","978":"I","979":"A","980":"C","981":"E","982":",","983":"Y","984":"A","985":"A","986":"Y","987":";","988":"A","989":"A","990":"A","991":"I","992":";","993":"A","994":"A","995":"A","996":"A","997":";","998":"A","999":"A","1000":"A","1001":"Q","1002":";","1003":"A","1004":"A","1005":"A","1006":"A","1007":",","1008":"S","1009":"A","1010":"A","1011":"K","1012":",","1013":"Y","1014":"A","1015":"A","1016":"Y","1017":",","1018":"I","1019":"A","1020":"A","1021":"K","1022":",","1023":"U","1024":"A","1025":"A","1026":"U","1027":",","1028":"G","1029":"A","1030":"A","1031":"G","1032":",","1033":"E","1034":"A","1035":"A","1036":"E","1037":";","1038":"M","1039":"A","1040":"C","1041":"z","1042":"D","1043":",","1044":"G","1045":"A","1046":"A","1047":"G","1048":",","1049":"I","1050":"A","1051":"A","1052":"I","1053":",","1054":"G","1055":"A","1056":"A","1057":"G","1058":",","1059":"C","1060":"A","1061":"A","1062":"C","1063":",","1064":"U","1065":"A","1066":"A","1067":"U","1068":",","1069":"E","1070":"A","1071":"A","1072":"E","1073":",","1074":"O","1075":"A","1076":"A","1077":"O","1078":",","1079":"G","1080":"A","1081":"A","1082":"G","1083":";","1084":"M","1085":"A","1086":"C","1087":"j","1088":"C","1089":",","1090":"M","1091":"A","1092":"A","1093":"M","1094":",","1095":"G","1096":"A","1097":"A","1098":"G","1099":",","1100":"C","1101":"A","1102":"A","1103":"C","1104":",","1105":"C","1106":"A","1107":"A","1108":"C","1109":";","1110":"E","1111":"A","1112":"C","1113":"f","1114":",","1115":"I","1116":"A","1117":"A","1118":"I","1119":",","1120":"G","1121":"A","1122":"A","1123":"G","1124":",","1125":"I","1126":"A","1127":"A","1128":"I","1129":",","1130":"I","1131":"A","1132":"A","1133":"I","1134":",","1135":"E","1136":"A","1137":"A","1138":"E","1139":",","1140":"K","1141":"A","1142":"A","1143":"K","1144":",","1145":"I","1146":"A","1147":"A","1148":"I","1149":",","1150":"C","1151":"A","1152":"A","1153":"C","1154":",","1155":"I","1156":"A","1157":"A","1158":"I","1159":",","1160":"G","1161":"A","1162":"A","1163":"G","1164":",","1165":"E","1166":"A","1167":"A","1168":"E","1169":",","1170":"I","1171":"A","1172":"A","1173":"I","1174":",","1175":"C","1176":"A","1177":"A","1178":"C","1179":",","1180":"K","1181":"A","1182":"A","1183":"K","1184":",","1185":"S","1186":"A","1187":"A","1188":"S","1189":",","1190":"I","1191":"A","1192":"A","1193":"I","1194":",","1195":"M","1196":"A","1197":"A","1198":"M","1199":",","1200":"C","1201":"A","1202":"A","1203":"C","1204":",","1205":"S","1206":"A","1207":"A","1208":"S","1209":",","1210":"C","1211":"A","1212":"A","1213":"C","1214":",","1215":"c","1216":"A","1217":"A","1218":"c","1219":",","1220":"C","1221":"A","1222":"A","1223":"C","1224":",","1225":"I","1226":"A","1227":"A","1228":"I","1229":",","1230":"C","1231":"A","1232":"A","1233":"C","1234":",","1235":"G","1236":"A","1237":"A","1238":"G","1239":",","1240":"E","1241":"A","1242":"A","1243":"E","1244":",","1245":"C","1246":"A","1247":"A","1248":"C","1249":",","1250":"C","1251":"A","1252":"A","1253":"C","1254":",","1255":"E","1256":"A","1257":"A","1258":"E","1259":",","1260":"e","1261":"A","1262":"A","1263":"e","1264":",","1265":"C","1266":"A","1267":"A","1268":"C","1269":",","1270":"M","1271":"A","1272":"A","1273":"M","1274":",","1275":"E","1276":"A","1277":"A","1278":"E","1279":",","1280":"G","1281":"A","1282":"A","1283":"G","1284":",","1285":"E","1286":"A","1287":"A","1288":"E","1289":",","1290":"C","1291":"A","1292":"A","1293":"C","1294":",","1295":"C","1296":"A","1297":"A","1298":"C","1299":";","1300":"E","1301":"A","1302":"C","1303":"x","1304":"I","1305":",","1306":"k","1307":"B","1308":"A","1309":"A","1310":"k","1311":"B","1312":",","1313":"C","1314":"A","1315":"A","1316":"C","1317":",","1318":"M","1319":"A","1320":"A","1321":"M","1322":",","1323":"E","1324":"A","1325":"A","1326":"E","1327":",","1328":"G","1329":"A","1330":"A","1331":"G","1332":",","1333":"C","1334":"A","1335":"A","1336":"C","1337":";","1338":"E","1339":"A","1340":"C","1341":"/","1342":"B","1343":",","1344":"O","1345":"A","1346":"A","1347":"O","1348":",","1349":"M","1350":"A","1351":"A","1352":"M","1353":";","1354":";","1355":"I","1356":"A","1357":"E","1358":"b","1359":",","1360":"S","1361":"A","1362":"A","1363":"S","1364":";","1365":"A","1366":"A","1367":"A","1368":"I","1369":";","1370":"A","1371":"A","1372":"A","1373":"A","1374":";","1375":"A","1376":"A","1377":"A","1378":"Q","1379":";","1380":"A","1381":"A","1382":"A","1383":"A","1384":",","1385":"S","1386":"A","1387":"A","1388":"K","1389":",","1390":"S","1391":"A","1392":"A","1393":"S","1394":",","1395":"I","1396":"A","1397":"A","1398":"K","1399":",","1400":"U","1401":"A","1402":"A","1403":"U","1404":",","1405":"O","1406":"A","1407":"A","1408":"O","1409":",","1410":"E","1411":"A","1412":"A","1413":"E","1414":",","1415":"U","1416":"A","1417":"A","1418":"U","1419":",","1420":"E","1421":"A","1422":"A","1423":"E","1424":",","1425":"C","1426":"A","1427":"A","1428":"C","1429":",","1430":"E","1431":"A","1432":"A","1433":"E","1434":",","1435":"S","1436":"A","1437":"A","1438":"S","1439":",","1440":"E","1441":"A","1442":"A","1443":"E","1444":";","1445":"E","1446":"A","1447":"C","1448":"r","1449":"F","1450":",","1451":"S","1452":"A","1453":"A","1454":"S","1455":",","1456":"K","1457":"A","1458":"A","1459":"K","1460":",","1461":"C","1462":"A","1463":"A","1464":"C","1465":",","1466":"K","1467":"A","1468":"A","1469":"K","1470":",","1471":"E","1472":"A","1473":"A","1474":"E","1475":";","1476":"I","1477":"A","1478":"A","1479":"E","1480":",","1481":"O","1482":"A","1483":"A","1484":"O","1485":",","1486":"K","1487":"A","1488":"A","1489":"K","1490":",","1491":"Y","1492":"A","1493":"A","1494":"Y","1495":",","1496":"C","1497":"A","1498":"A","1499":"C","1500":",","1501":"G","1502":"A","1503":"A","1504":"G","1505":",","1506":"K","1507":"A","1508":"A","1509":"K","1510":",","1511":"G","1512":"A","1513":"A","1514":"G","1515":",","1516":"I","1517":"A","1518":"A","1519":"I","1520":",","1521":"C","1522":"A","1523":"A","1524":"C","1525":",","1526":"C","1527":"A","1528":"A","1529":"C","1530":",","1531":"U","1532":"A","1533":"A","1534":"U","1535":",","1536":"O","1537":"A","1538":"A","1539":"O","1540":",","1541":"E","1542":"A","1543":"A","1544":"E","1545":";","1546":"M","1547":"A","1548":"A","1549":"E","1550":",","1551":"O","1552":"A","1553":"A","1554":"O","1555":",","1556":"C","1557":"A","1558":"A","1559":"C","1560":",","1561":"K","1562":"A","1563":"A","1564":"K","1565":",","1566":"C","1567":"A","1568":"A","1569":"C","1570":";","1571":"I","1572":"A","1573":"A","1574":"E","1575":",","1576":"C","1577":"A","1578":"A","1579":"C","1580":",","1581":"C","1582":"A","1583":"A","1584":"C","1585":";","1586":"E","1587":"A","1588":"A","1589":"E","1590":";","1591":"E","1592":"A","1593":"C","1594":"3","1595":"G","1596":",","1597":"O","1598":"A","1599":"A","1600":"O","1601":",","1602":"K","1603":"A","1604":"A","1605":"K","1606":",","1607":"C","1608":"A","1609":"A","1610":"C","1611":",","1612":"K","1613":"A","1614":"A","1615":"K","1616":",","1617":"C","1618":"A","1619":"A","1620":"C","1621":",","1622":"G","1623":"A","1624":"A","1625":"G","1626":",","1627":"O","1628":"A","1629":"A","1630":"O","1631":",","1632":"C","1633":"A","1634":"A","1635":"C","1636":",","1637":"E","1638":"A","1639":"A","1640":"E","1641":",","1642":"U","1643":"A","1644":"A","1645":"U","1646":",","1647":"O","1648":"A","1649":"A","1650":"O","1651":",","1652":"E","1653":"A","1654":"A","1655":"E","1656":",","1657":"M","1658":"A","1659":"A","1660":"M","1661":",","1662":"E","1663":"A","1664":"A","1665":"E","1666":";","1667":"I","1668":"A","1669":"C","1670":"v","1671":"D","1672":",","1673":"S","1674":"A","1675":"A","1676":"S","1677":",","1678":"S","1679":"A","1680":"A","1681":"S","1682":",","1683":"C","1684":"A","1685":"A","1686":"C","1687":",","1688":"K","1689":"A","1690":"A","1691":"K","1692":",","1693":"E","1694":"A","1695":"A","1696":"E","1697":";","1698":"M","1699":"A","1700":"A","1701":"E","1702":",","1703":"I","1704":"A","1705":"A","1706":"I","1707":";","1708":"Q","1709":"A","1710":"A","1711":"E","1712":",","1713":"I","1714":"A","1715":"A","1716":"I","1717":",","1718":"C","1719":"A","1720":"A","1721":"C","1722":",","1723":"S","1724":"A","1725":"A","1726":"S","1727":",","1728":"C","1729":"A","1730":"A","1731":"C","1732":",","1733":"I","1734":"A","1735":"A","1736":"I","1737":",","1738":"C","1739":"A","1740":"A","1741":"C","1742":",","1743":"K","1744":"A","1745":"A","1746":"K","1747":",","1748":"C","1749":"A","1750":"A","1751":"C","1752":",","1753":"C","1754":"A","1755":"A","1756":"C","1757":";","1758":"M","1759":"A","1760":"A","1761":"E","1762":",","1763":"C","1764":"A","1765":"A","1766":"C","1767":",","1768":"C","1769":"A","1770":"A","1771":"C","1772":",","1773":"O","1774":"A","1775":"A","1776":"O","1777":",","1778":"C","1779":"A","1780":"A","1781":"C","1782":",","1783":"E","1784":"A","1785":"A","1786":"E","1787":";","1788":"Q","1789":"A","1790":"A","1791":"E","1792":",","1793":"M","1794":"A","1795":"A","1796":"M","1797":",","1798":"C","1799":"A","1800":"A","1801":"C","1802":",","1803":"C","1804":"A","1805":"A","1806":"C","1807":",","1808":"C","1809":"A","1810":"A","1811":"C","1812":";","1813":"M","1814":"A","1815":"A","1816":"E","1817":";","1818":"I","1819":"A","1820":"A","1821":"E","1822":";","1823":"I","1824":"A","1825":"C","1826":"1","1827":"F","1828":",","1829":"S","1830":"A","1831":"A","1832":"S","1833":",","1834":"Q","1835":"A","1836":"A","1837":"Q","1838":",","1839":"C","1840":"A","1841":"A","1842":"C","1843":",","1844":"K","1845":"A","1846":"A","1847":"K","1848":",","1849":"E","1850":"A","1851":"A","1852":"E","1853":";","1854":"M","1855":"A","1856":"A","1857":"E","1858":",","1859":"I","1860":"A","1861":"A","1862":"I","1863":";","1864":"Q","1865":"A","1866":"A","1867":"E","1868":",","1869":"I","1870":"A","1871":"A","1872":"I","1873":",","1874":"C","1875":"A","1876":"A","1877":"C","1878":",","1879":"S","1880":"A","1881":"A","1882":"S","1883":",","1884":"C","1885":"A","1886":"A","1887":"C","1888":",","1889":"O","1890":"A","1891":"A","1892":"O","1893":",","1894":"C","1895":"A","1896":"A","1897":"C","1898":",","1899":"C","1900":"A","1901":"A","1902":"C","1903":",","1904":"K","1905":"A","1906":"A","1907":"K","1908":",","1909":"C","1910":"A","1911":"A","1912":"C","1913":",","1914":"C","1915":"A","1916":"A","1917":"C","1918":";","1919":"M","1920":"A","1921":"A","1922":"E","1923":",","1924":"C","1925":"A","1926":"A","1927":"C","1928":",","1929":"C","1930":"A","1931":"A","1932":"C","1933":",","1934":"O","1935":"A","1936":"A","1937":"O","1938":",","1939":"C","1940":"A","1941":"A","1942":"C","1943":",","1944":"E","1945":"A","1946":"A","1947":"E","1948":";","1949":"Q","1950":"A","1951":"A","1952":"E","1953":",","1954":"M","1955":"A","1956":"A","1957":"M","1958":",","1959":"C","1960":"A","1961":"A","1962":"C","1963":",","1964":"C","1965":"A","1966":"A","1967":"C","1968":",","1969":"C","1970":"A","1971":"A","1972":"C","1973":";","1974":"M","1975":"A","1976":"A","1977":"E","1978":";","1979":"I","1980":"A","1981":"A","1982":"E","1983":";","1984":"I","1985":"A","1986":"C","1987":"7","1988":"F","1989":",","1990":"S","1991":"A","1992":"A","1993":"S","1994":",","1995":"I","1996":"A","1997":"A","1998":"I","1999":",","2000":"C","2001":"A","2002":"A","2003":"C","2004":",","2005":"M","2006":"A","2007":"A","2008":"M","2009":",","2010":"E","2011":"A","2012":"A","2013":"E","2014":";","2015":"M","2016":"A","2017":"A","2018":"E","2019":",","2020":"M","2021":"A","2022":"A","2023":"M","2024":",","2025":"C","2026":"A","2027":"A","2028":"C","2029":",","2030":"I","2031":"A","2032":"A","2033":"I","2034":",","2035":"G","2036":"A","2037":"A","2038":"G","2039":",","2040":"O","2041":"A","2042":"A","2043":"O","2044":",","2045":"C","2046":"A","2047":"A","2048":"C","2049":",","2050":"M","2051":"A","2052":"A","2053":"M","2054":",","2055":"C","2056":"A","2057":"A","2058":"C","2059":",","2060":"K","2061":"A","2062":"A","2063":"K","2064":",","2065":"C","2066":"A","2067":"A","2068":"C","2069":",","2070":"G","2071":"A","2072":"A","2073":"G","2074":",","2075":"K","2076":"A","2077":"A","2078":"K","2079":",","2080":"C","2081":"A","2082":"A","2083":"C","2084":",","2085":"M","2086":"A","2087":"A","2088":"M","2089":",","2090":"C","2091":"A","2092":"A","2093":"C","2094":",","2095":"K","2096":"A","2097":"A","2098":"K","2099":",","2100":"C","2101":"A","2102":"A","2103":"C","2104":",","2105":"C","2106":"A","2107":"A","2108":"C","2109":",","2110":"I","2111":"A","2112":"A","2113":"I","2114":",","2115":"C","2116":"A","2117":"A","2118":"C","2119":",","2120":"S","2121":"A","2122":"A","2123":"S","2124":",","2125":"E","2126":"A","2127":"A","2128":"E","2129":",","2130":"Q","2131":"A","2132":"A","2133":"Q","2134":",","2135":"C","2136":"A","2137":"A","2138":"C","2139":";","2140":"I","2141":"A","2142":"A","2143":"E","2144":";","2145":"I","2146":"A","2147":"C","2148":"7","2149":"G","2150":",","2151":"I","2152":"A","2153":"A","2154":"I","2155":",","2156":"C","2157":"A","2158":"A","2159":"C","2160":",","2161":"C","2162":"A","2163":"A","2164":"C","2165":",","2166":"S","2167":"A","2168":"A","2169":"S","2170":",","2171":"G","2172":"A","2173":"A","2174":"G","2175":",","2176":"S","2177":"A","2178":"A","2179":"S","2180":",","2181":"C","2182":"A","2183":"A","2184":"C","2185":",","2186":"K","2187":"A","2188":"A","2189":"K","2190":",","2191":"C","2192":"A","2193":"A","2194":"C","2195":",","2196":"O","2197":"A","2198":"A","2199":"O","2200":",","2201":"E","2202":"A","2203":"A","2204":"E","2205":",","2206":"U","2207":"A","2208":"A","2209":"U","2210":",","2211":"I","2212":"A","2213":"A","2214":"I","2215":",","2216":"E","2217":"A","2218":"A","2219":"E","2220":",","2221":"C","2222":"A","2223":"A","2224":"C","2225":",","2226":"E","2227":"A","2228":"A","2229":"E","2230":",","2231":"I","2232":"A","2233":"A","2234":"I","2235":",","2236":"E","2237":"A","2238":"A","2239":"E","2240":",","2241":"C","2242":"A","2243":"A","2244":"C","2245":";","2246":"I","2247":"A","2248":"C","2249":"v","2250":"E","2251":";","2252":";","2253":"I","2254":"A","2255":"E","2256":"F","2257":",","2258":"W","2259":"A","2260":"A","2261":"W","2262":";","2263":"A","2264":"A","2265":"A","2266":"I","2267":";","2268":"A","2269":"A","2270":"A","2271":"A","2272":";","2273":"A","2274":"A","2275":"A","2276":"Q","2277":";","2278":"A","2279":"A","2280":"A","2281":"A","2282":",","2283":"S","2284":"A","2285":"A","2286":"K","2287":",","2288":"W","2289":"A","2290":"A","2291":"W","2292":",","2293":"I","2294":"A","2295":"A","2296":"K","2297":",","2298":"U","2299":"A","2300":"A","2301":"U","2302":",","2303":"O","2304":"A","2305":"A","2306":"O","2307":",","2308":"E","2309":"A","2310":"A","2311":"E","2312":",","2313":"I","2314":"A","2315":"A","2316":"I","2317":",","2318":"E","2319":"A","2320":"A","2321":"E","2322":";","2323":"E","2324":"A","2325":"C","2326":"r","2327":"E","2328":",","2329":"I","2330":"A","2331":"A","2332":"I","2333":",","2334":"C","2335":"A","2336":"A","2337":"C","2338":",","2339":"G","2340":"A","2341":"A","2342":"G","2343":";","2344":"M","2345":"A","2346":"A","2347":"E","2348":",","2349":"K","2350":"A","2351":"A","2352":"K","2353":",","2354":"E","2355":"A","2356":"A","2357":"E","2358":",","2359":"C","2360":"A","2361":"A","2362":"C","2363":";","2364":"M","2365":"A","2366":"A","2367":"E","2368":",","2369":"I","2370":"A","2371":"A","2372":"I","2373":",","2374":"E","2375":"A","2376":"A","2377":"E","2378":";","2379":"M","2380":"A","2381":"A","2382":"A","2383":";","2384":"M","2385":"A","2386":"A","2387":"A","2388":",","2389":"O","2390":"A","2391":"A","2392":"W","2393":";","2394":"Q","2395":"A","2396":"A","2397":"E","2398":",","2399":"I","2400":"A","2401":"A","2402":"I","2403":",","2404":"C","2405":"A","2406":"A","2407":"C","2408":",","2409":"C","2410":"A","2411":"A","2412":"C","2413":",","2414":"C","2415":"A","2416":"A","2417":"C","2418":",","2419":"C","2420":"A","2421":"A","2422":"C","2423":",","2424":"G","2425":"A","2426":"A","2427":"G","2428":",","2429":"C","2430":"A","2431":"A","2432":"C","2433":",","2434":"E","2435":"A","2436":"A","2437":"E","2438":",","2439":"M","2440":"A","2441":"A","2442":"M","2443":",","2444":"C","2445":"A","2446":"A","2447":"C","2448":",","2449":"C","2450":"A","2451":"A","2452":"C","2453":",","2454":"C","2455":"A","2456":"A","2457":"C","2458":",","2459":"C","2460":"A","2461":"A","2462":"C","2463":";","2464":"Q","2465":"A","2466":"A","2467":"E","2468":",","2469":"O","2470":"A","2471":"A","2472":"O","2473":",","2474":"C","2475":"A","2476":"A","2477":"C","2478":",","2479":"C","2480":"A","2481":"A","2482":"C","2483":",","2484":"C","2485":"A","2486":"A","2487":"C","2488":",","2489":"C","2490":"A","2491":"A","2492":"C","2493":";","2494":"M","2495":"A","2496":"A","2497":"E","2498":",","2499":"C","2500":"A","2501":"A","2502":"C","2503":";","2504":"M","2505":"A","2506":"A","2507":"E","2508":",","2509":"I","2510":"A","2511":"A","2512":"I","2513":",","2514":"E","2515":"A","2516":"A","2517":"E","2518":",","2519":"E","2520":"A","2521":"A","2522":"E","2523":";","2524":"M","2525":"A","2526":"A","2527":"E","2528":",","2529":"G","2530":"A","2531":"A","2532":"G","2533":",","2534":"E","2535":"A","2536":"A","2537":"E","2538":";","2539":"I","2540":"A","2541":"A","2542":"G","2543":",","2544":"C","2545":"A","2546":"A","2547":"C","2548":";","2549":"I","2550":"A","2551":"A","2552":"E","2553":",","2554":"C","2555":"A","2556":"A","2557":"C","2558":";","2559":"I","2560":"A","2561":"A","2562":"E","2563":",","2564":"C","2565":"A","2566":"A","2567":"C","2568":";","2569":"I","2570":"A","2571":"A","2572":"E","2573":",","2574":"C","2575":"A","2576":"A","2577":"C","2578":";","2579":"I","2580":"A","2581":"A","2582":"E","2583":",","2584":"C","2585":"A","2586":"A","2587":"C","2588":";","2589":"E","2590":"A","2591":"C","2592":"h","2593":"H","2594":",","2595":"O","2596":"A","2597":"A","2598":"O","2599":",","2600":"C","2601":"A","2602":"A","2603":"C","2604":",","2605":"G","2606":"A","2607":"A","2608":"G","2609":";","2610":"I","2611":"A","2612":"A","2613":"E","2614":",","2615":"I","2616":"A","2617":"A","2618":"I","2619":",","2620":"E","2621":"A","2622":"A","2623":"E","2624":",","2625":"I","2626":"A","2627":"A","2628":"I","2629":",","2630":"C","2631":"A","2632":"A","2633":"C","2634":",","2635":"C","2636":"A","2637":"A","2638":"C","2639":",","2640":"C","2641":"A","2642":"A","2643":"C","2644":";","2645":"I","2646":"A","2647":"A","2648":"E","2649":",","2650":"O","2651":"A","2652":"A","2653":"O","2654":",","2655":"E","2656":"A","2657":"A","2658":"E","2659":",","2660":"I","2661":"A","2662":"A","2663":"I","2664":",","2665":"C","2666":"A","2667":"A","2668":"C","2669":",","2670":"C","2671":"A","2672":"A","2673":"C","2674":",","2675":"C","2676":"A","2677":"A","2678":"C","2679":";","2680":"I","2681":"A","2682":"A","2683":"E","2684":",","2685":"Q","2686":"A","2687":"A","2688":"Q","2689":",","2690":"E","2691":"A","2692":"A","2693":"E","2694":",","2695":"I","2696":"A","2697":"A","2698":"I","2699":",","2700":"C","2701":"A","2702":"A","2703":"C","2704":",","2705":"C","2706":"A","2707":"A","2708":"C","2709":";","2710":"E","2711":"A","2712":"A","2713":"E","2714":",","2715":"C","2716":"A","2717":"A","2718":"C","2719":",","2720":"E","2721":"A","2722":"A","2723":"E","2724":",","2725":"O","2726":"A","2727":"A","2728":"O","2729":",","2730":"M","2731":"A","2732":"A","2733":"M","2734":",","2735":"K","2736":"A","2737":"A","2738":"K","2739":",","2740":"U","2741":"A","2742":"A","2743":"U","2744":",","2745":"K","2746":"A","2747":"A","2748":"K","2749":",","2750":"C","2751":"A","2752":"A","2753":"C","2754":",","2755":"C","2756":"A","2757":"A","2758":"C","2759":",","2760":"M","2761":"A","2762":"A","2763":"M","2764":",","2765":"C","2766":"A","2767":"A","2768":"C","2769":",","2770":"Q","2771":"A","2772":"A","2773":"Q","2774":",","2775":"C","2776":"A","2777":"A","2778":"C","2779":",","2780":"G","2781":"A","2782":"A","2783":"G","2784":",","2785":"Y","2786":"A","2787":"A","2788":"W","2789":";","2790":"I","2791":"A","2792":"A","2793":"E","2794":",","2795":"O","2796":"A","2797":"A","2798":"O","2799":",","2800":"I","2801":"A","2802":"A","2803":"I","2804":";","2805":"E","2806":"A","2807":"A","2808":"E","2809":",","2810":"C","2811":"A","2812":"A","2813":"C","2814":",","2815":"C","2816":"A","2817":"A","2818":"C","2819":",","2820":"E","2821":"A","2822":"A","2823":"E","2824":",","2825":"C","2826":"A","2827":"A","2828":"C","2829":";","2830":"E","2831":"A","2832":"C","2833":"x","2834":"J","2835":",","2836":"S","2837":"A","2838":"A","2839":"S","2840":",","2841":"I","2842":"A","2843":"A","2844":"I","2845":",","2846":"C","2847":"A","2848":"A","2849":"C","2850":",","2851":"C","2852":"A","2853":"A","2854":"C","2855":",","2856":"E","2857":"A","2858":"A","2859":"E","2860":";","2861":"I","2862":"A","2863":"A","2864":"E","2865":",","2866":"O","2867":"A","2868":"A","2869":"O","2870":",","2871":"U","2872":"A","2873":"A","2874":"U","2875":",","2876":"C","2877":"A","2878":"A","2879":"C","2880":",","2881":"E","2882":"A","2883":"A","2884":"E","2885":";","2886":"M","2887":"A","2888":"A","2889":"E","2890":",","2891":"O","2892":"A","2893":"A","2894":"O","2895":",","2896":"I","2897":"A","2898":"A","2899":"I","2900":",","2901":"C","2902":"A","2903":"A","2904":"C","2905":",","2906":"C","2907":"A","2908":"A","2909":"C","2910":",","2911":"C","2912":"A","2913":"A","2914":"C","2915":",","2916":"E","2917":"A","2918":"A","2919":"E","2920":",","2921":"C","2922":"A","2923":"A","2924":"C","2925":",","2926":"C","2927":"A","2928":"A","2929":"C","2930":",","2931":"C","2932":"A","2933":"A","2934":"C","2935":";","2936":"I","2937":"A","2938":"A","2939":"E","2940":",","2941":"C","2942":"A","2943":"A","2944":"C","2945":";","2946":"E","2947":"A","2948":"A","2949":"E","2950":";","2951":"W","2952":"A","2953":"C","2954":"x","2955":"D","2956":",","2957":"I","2958":"A","2959":"A","2960":"I","2961":",","2962":"C","2963":"A","2964":"A","2965":"C","2966":",","2967":"E","2968":"A","2969":"A","2970":"E","2971":",","2972":"E","2973":"A","2974":"A","2975":"E","2976":";","2977":"I","2978":"A","2979":"C","2980":"d","2981":",","2982":"I","2983":"A","2984":"A","2985":"I","2986":",","2987":"C","2988":"A","2989":"A","2990":"C","2991":",","2992":"E","2993":"A","2994":"A","2995":"E","2996":",","2997":"M","2998":"A","2999":"A","3000":"M","3001":",","3002":"I","3003":"A","3004":"A","3005":"I","3006":",","3007":"S","3008":"A","3009":"A","3010":"S","3011":",","3012":"C","3013":"A","3014":"A","3015":"C","3016":",","3017":"i","3018":"C","3019":"A","3020":"A","3021":"i","3022":"C","3023":",","3024":"C","3025":"A","3026":"A","3027":"C","3028":";","3029":"I","3030":"A","3031":"C","3032":"7","3033":"D","3034":",","3035":"O","3036":"A","3037":"A","3038":"O","3039":",","3040":"C","3041":"A","3042":"A","3043":"C","3044":",","3045":"K","3046":"A","3047":"A","3048":"K","3049":",","3050":"C","3051":"A","3052":"A","3053":"C","3054":",","3055":"G","3056":"A","3057":"A","3058":"G","3059":",","3060":"C","3061":"A","3062":"A","3063":"C","3064":",","3065":"E","3066":"A","3067":"A","3068":"E","3069":",","3070":"E","3071":"A","3072":"A","3073":"E","3074":",","3075":"C","3076":"A","3077":"A","3078":"C","3079":",","3080":"C","3081":"A","3082":"A","3083":"C","3084":",","3085":"C","3086":"A","3087":"A","3088":"C","3089":",","3090":"K","3091":"A","3092":"A","3093":"K","3094":",","3095":"C","3096":"A","3097":"A","3098":"C","3099":",","3100":"G","3101":"A","3102":"A","3103":"G","3104":",","3105":"C","3106":"A","3107":"A","3108":"C","3109":",","3110":"C","3111":"A","3112":"A","3113":"C","3114":",","3115":"C","3116":"A","3117":"A","3118":"C","3119":",","3120":"E","3121":"A","3122":"A","3123":"E","3124":",","3125":"C","3126":"A","3127":"A","3128":"C","3129":",","3130":"E","3131":"A","3132":"A","3133":"E","3134":",","3135":"I","3136":"A","3137":"A","3138":"I","3139":";","3140":"M","3141":"A","3142":"C","3143":"1","3144":"C","3145":",","3146":"I","3147":"A","3148":"A","3149":"I","3150":",","3151":"C","3152":"A","3153":"A","3154":"C","3155":",","3156":"G","3157":"A","3158":"A","3159":"G","3160":",","3161":"C","3162":"A","3163":"A","3164":"C","3165":",","3166":"E","3167":"A","3168":"A","3169":"E","3170":",","3171":"C","3172":"A","3173":"A","3174":"C","3175":",","3176":"K","3177":"A","3178":"A","3179":"K","3180":",","3181":"C","3182":"A","3183":"A","3184":"C","3185":",","3186":"G","3187":"A","3188":"A","3189":"G","3190":",","3191":"E","3192":"A","3193":"A","3194":"E","3195":",","3196":"C","3197":"A","3198":"A","3199":"C","3200":",","3201":"C","3202":"A","3203":"A","3204":"C","3205":",","3206":"C","3207":"A","3208":"A","3209":"C","3210":",","3211":"G","3212":"A","3213":"A","3214":"G","3215":",","3216":"C","3217":"A","3218":"A","3219":"C","3220":",","3221":"G","3222":"A","3223":"A","3224":"G","3225":",","3226":"C","3227":"A","3228":"A","3229":"C","3230":",","3231":"C","3232":"A","3233":"A","3234":"C","3235":",","3236":"Q","3237":"A","3238":"A","3239":"Q","3240":",","3241":"C","3242":"A","3243":"A","3244":"C","3245":",","3246":"G","3247":"A","3248":"A","3249":"G","3250":",","3251":"E","3252":"A","3253":"A","3254":"E","3255":",","3256":"C","3257":"A","3258":"A","3259":"C","3260":",","3261":"C","3262":"A","3263":"A","3264":"C","3265":",","3266":"C","3267":"A","3268":"A","3269":"C","3270":",","3271":"G","3272":"A","3273":"A","3274":"G","3275":",","3276":"C","3277":"A","3278":"A","3279":"C","3280":",","3281":"C","3282":"A","3283":"A","3284":"C","3285":",","3286":"O","3287":"A","3288":"A","3289":"O","3290":",","3291":"C","3292":"A","3293":"A","3294":"C","3295":",","3296":"K","3297":"A","3298":"A","3299":"K","3300":",","3301":"C","3302":"A","3303":"A","3304":"C","3305":",","3306":"C","3307":"A","3308":"A","3309":"C","3310":",","3311":"G","3312":"A","3313":"A","3314":"G","3315":",","3316":"C","3317":"A","3318":"A","3319":"C","3320":",","3321":"C","3322":"A","3323":"A","3324":"C","3325":",","3326":"Q","3327":"A","3328":"A","3329":"Q","3330":",","3331":"C","3332":"A","3333":"A","3334":"C","3335":",","3336":"K","3337":"A","3338":"A","3339":"K","3340":",","3341":"C","3342":"A","3343":"A","3344":"C","3345":",","3346":"C","3347":"A","3348":"A","3349":"C","3350":",","3351":"I","3352":"A","3353":"A","3354":"I","3355":",","3356":"C","3357":"A","3358":"A","3359":"C","3360":",","3361":"C","3362":"A","3363":"A","3364":"C","3365":",","3366":"C","3367":"A","3368":"A","3369":"C","3370":",","3371":"E","3372":"A","3373":"A","3374":"E","3375":",","3376":"C","3377":"A","3378":"A","3379":"C","3380":",","3381":"C","3382":"A","3383":"A","3384":"C","3385":",","3386":"G","3387":"A","3388":"A","3389":"G","3390":",","3391":"C","3392":"A","3393":"A","3394":"C","3395":",","3396":"C","3397":"A","3398":"A","3399":"C","3400":",","3401":"I","3402":"A","3403":"A","3404":"I","3405":",","3406":"C","3407":"A","3408":"A","3409":"C","3410":",","3411":"I","3412":"A","3413":"A","3414":"I","3415":",","3416":"C","3417":"A","3418":"A","3419":"C","3420":",","3421":"C","3422":"A","3423":"A","3424":"C","3425":",","3426":"C","3427":"A","3428":"A","3429":"C","3430":",","3431":"G","3432":"A","3433":"A","3434":"G","3435":",","3436":"C","3437":"A","3438":"A","3439":"C","3440":",","3441":"C","3442":"A","3443":"A","3444":"C","3445":",","3446":"I","3447":"A","3448":"A","3449":"I","3450":",","3451":"C","3452":"A","3453":"A","3454":"C","3455":",","3456":"C","3457":"A","3458":"A","3459":"C","3460":",","3461":"E","3462":"A","3463":"A","3464":"E","3465":",","3466":"E","3467":"A","3468":"A","3469":"E","3470":",","3471":"C","3472":"A","3473":"A","3474":"C","3475":",","3476":"C","3477":"A","3478":"A","3479":"C","3480":",","3481":"C","3482":"A","3483":"A","3484":"C","3485":",","3486":"C","3487":"A","3488":"A","3489":"C","3490":",","3491":"E","3492":"A","3493":"A","3494":"E","3495":",","3496":"I","3497":"A","3498":"A","3499":"I","3500":",","3501":"E","3502":"A","3503":"A","3504":"E","3505":",","3506":"O","3507":"A","3508":"A","3509":"O","3510":",","3511":"C","3512":"A","3513":"A","3514":"C","3515":";","3516":"M","3517":"A","3518":"C","3519":"5","3520":"J","3521":",","3522":"I","3523":"A","3524":"A","3525":"I","3526":",","3527":"C","3528":"A","3529":"A","3530":"C","3531":",","3532":"G","3533":"A","3534":"A","3535":"G","3536":",","3537":"C","3538":"A","3539":"A","3540":"C","3541":",","3542":"E","3543":"A","3544":"A","3545":"E","3546":",","3547":"C","3548":"A","3549":"A","3550":"C","3551":",","3552":"E","3553":"A","3554":"A","3555":"E","3556":",","3557":"E","3558":"A","3559":"A","3560":"E","3561":",","3562":"G","3563":"A","3564":"A","3565":"G","3566":",","3567":"C","3568":"A","3569":"A","3570":"C","3571":",","3572":"E","3573":"A","3574":"A","3575":"E","3576":",","3577":"C","3578":"A","3579":"A","3580":"C","3581":",","3582":"C","3583":"A","3584":"A","3585":"C","3586":",","3587":"C","3588":"A","3589":"A","3590":"C","3591":",","3592":"G","3593":"A","3594":"A","3595":"G","3596":",","3597":"C","3598":"A","3599":"A","3600":"C","3601":",","3602":"E","3603":"A","3604":"A","3605":"E","3606":",","3607":"C","3608":"A","3609":"A","3610":"C","3611":",","3612":"C","3613":"A","3614":"A","3615":"C","3616":",","3617":"K","3618":"A","3619":"A","3620":"K","3621":",","3622":"C","3623":"A","3624":"A","3625":"C","3626":";","3627":"M","3628":"A","3629":"C","3630":"v","3631":"C","3632":",","3633":"Q","3634":"A","3635":"A","3636":"Q","3637":",","3638":"E","3639":"A","3640":"A","3641":"E","3642":",","3643":"C","3644":"A","3645":"A","3646":"C","3647":",","3648":"C","3649":"A","3650":"A","3651":"C","3652":",","3653":"C","3654":"A","3655":"A","3656":"C","3657":";","3658":"Q","3659":"A","3660":"C","3661":"T","3662":",","3663":"K","3664":"A","3665":"A","3666":"K","3667":",","3668":"C","3669":"A","3670":"A","3671":"C","3672":";","3673":"Q","3674":"A","3675":"A","3676":"E","3677":",","3678":"K","3679":"A","3680":"A","3681":"K","3682":",","3683":"C","3684":"A","3685":"A","3686":"C","3687":";","3688":"U","3689":"A","3690":"A","3691":"E","3692":",","3693":"C","3694":"A","3695":"A","3696":"C","3697":",","3698":"G","3699":"A","3700":"A","3701":"G","3702":",","3703":"E","3704":"A","3705":"A","3706":"E","3707":";","3708":"U","3709":"A","3710":"A","3711":"E","3712":";","3713":"Q","3714":"A","3715":"C","3716":"x","3717":"B","3718":",","3719":"K","3720":"A","3721":"A","3722":"K","3723":",","3724":"C","3725":"A","3726":"A","3727":"C","3728":";","3729":"U","3730":"A","3731":"A","3732":"E","3733":",","3734":"C","3735":"A","3736":"A","3737":"C","3738":",","3739":"C","3740":"A","3741":"A","3742":"C","3743":",","3744":"K","3745":"A","3746":"A","3747":"K","3748":",","3749":"E","3750":"A","3751":"A","3752":"E","3753":";","3754":"U","3755":"A","3756":"A","3757":"E","3758":",","3759":"O","3760":"A","3761":"A","3762":"O","3763":";","3764":"Y","3765":"A","3766":"A","3767":"E","3768":",","3769":"K","3770":"A","3771":"A","3772":"K","3773":",","3774":"E","3775":"A","3776":"A","3777":"E","3778":",","3779":"E","3780":"A","3781":"A","3782":"E","3783":",","3784":"C","3785":"A","3786":"A","3787":"C","3788":",","3789":"C","3790":"A","3791":"A","3792":"C","3793":",","3794":"C","3795":"A","3796":"A","3797":"C","3798":";","3799":"Y","3800":"A","3801":"A","3802":"E","3803":",","3804":"I","3805":"A","3806":"A","3807":"I","3808":",","3809":"E","3810":"A","3811":"A","3812":"E","3813":";","3814":"U","3815":"A","3816":"A","3817":"M","3818":",","3819":"C","3820":"A","3821":"A","3822":"C","3823":";","3824":"Q","3825":"A","3826":"C","3827":"v","3828":"D","3829":",","3830":"K","3831":"A","3832":"A","3833":"K","3834":",","3835":"C","3836":"A","3837":"A","3838":"C","3839":";","3840":"U","3841":"A","3842":"A","3843":"E","3844":",","3845":"C","3846":"A","3847":"A","3848":"C","3849":",","3850":"C","3851":"A","3852":"A","3853":"C","3854":",","3855":"K","3856":"A","3857":"A","3858":"K","3859":",","3860":"E","3861":"A","3862":"A","3863":"E","3864":";","3865":"U","3866":"A","3867":"A","3868":"E","3869":",","3870":"C","3871":"A","3872":"A","3873":"C","3874":",","3875":"G","3876":"A","3877":"A","3878":"G","3879":",","3880":"E","3881":"A","3882":"A","3883":"E","3884":",","3885":"C","3886":"A","3887":"A","3888":"C","3889":",","3890":"C","3891":"A","3892":"A","3893":"C","3894":",","3895":"C","3896":"A","3897":"A","3898":"C","3899":";","3900":"U","3901":"A","3902":"A","3903":"E","3904":",","3905":"E","3906":"A","3907":"A","3908":"E","3909":",","3910":"G","3911":"A","3912":"A","3913":"G","3914":",","3915":"C","3916":"A","3917":"A","3918":"C","3919":",","3920":"C","3921":"A","3922":"A","3923":"C","3924":",","3925":"C","3926":"A","3927":"A","3928":"C","3929":";","3930":"U","3931":"A","3932":"A","3933":"E","3934":";","3935":"Q","3936":"A","3937":"C","3938":"x","3939":"C","3940":",","3941":"K","3942":"A","3943":"A","3944":"K","3945":",","3946":"C","3947":"A","3948":"A","3949":"C","3950":";","3951":"U","3952":"A","3953":"A","3954":"E","3955":",","3956":"E","3957":"A","3958":"A","3959":"E","3960":",","3961":"G","3962":"A","3963":"A","3964":"G","3965":",","3966":"C","3967":"A","3968":"A","3969":"C","3970":",","3971":"C","3972":"A","3973":"A","3974":"C","3975":",","3976":"G","3977":"A","3978":"A","3979":"G","3980":",","3981":"C","3982":"A","3983":"A","3984":"C","3985":",","3986":"G","3987":"A","3988":"A","3989":"G","3990":",","3991":"E","3992":"A","3993":"A","3994":"E","3995":";","3996":"U","3997":"A","3998":"A","3999":"E","4000":",","4001":"C","4002":"A","4003":"A","4004":"C","4005":",","4006":"C","4007":"A","4008":"A","4009":"C","4010":",","4011":"I","4012":"A","4013":"A","4014":"I","4015":",","4016":"C","4017":"A","4018":"A","4019":"C","4020":",","4021":"G","4022":"A","4023":"A","4024":"G","4025":",","4026":"E","4027":"A","4028":"A","4029":"E","4030":";","4031":"U","4032":"A","4033":"A","4034":"E","4035":";","4036":"Q","4037":"A","4038":"C","4039":"x","4040":"C","4041":";","4042":"U","4043":"A","4044":"C","4045":"I","4046":",","4047":"I","4048":"A","4049":"A","4050":"I","4051":",","4052":"E","4053":"A","4054":"A","4055":"E","4056":",","4057":"C","4058":"A","4059":"A","4060":"C","4061":",","4062":"G","4063":"A","4064":"A","4065":"G","4066":",","4067":"C","4068":"A","4069":"A","4070":"C","4071":",","4072":"C","4073":"A","4074":"A","4075":"C","4076":",","4077":"I","4078":"A","4079":"A","4080":"I","4081":",","4082":"E","4083":"A","4084":"A","4085":"E","4086":",","4087":"C","4088":"A","4089":"A","4090":"C","4091":",","4092":"G","4093":"A","4094":"A","4095":"G","4096":",","4097":"C","4098":"A","4099":"A","4100":"C","4101":",","4102":"C","4103":"A","4104":"A","4105":"C","4106":",","4107":"M","4108":"A","4109":"A","4110":"M","4111":",","4112":"G","4113":"A","4114":"A","4115":"G","4116":",","4117":"C","4118":"A","4119":"A","4120":"C","4121":",","4122":"I","4123":"A","4124":"A","4125":"I","4126":",","4127":"C","4128":"A","4129":"A","4130":"C","4131":",","4132":"C","4133":"A","4134":"A","4135":"C","4136":",","4137":"C","4138":"A","4139":"A","4140":"C","4141":",","4142":"C","4143":"A","4144":"A","4145":"C","4146":",","4147":"M","4148":"A","4149":"A","4150":"M","4151":",","4152":"G","4153":"A","4154":"A","4155":"G","4156":",","4157":"C","4158":"A","4159":"A","4160":"C","4161":",","4162":"C","4163":"A","4164":"A","4165":"C","4166":",","4167":"C","4168":"A","4169":"A","4170":"C","4171":",","4172":"K","4173":"A","4174":"A","4175":"K","4176":",","4177":"E","4178":"A","4179":"A","4180":"E","4181":",","4182":"C","4183":"A","4184":"A","4185":"C","4186":",","4187":"C","4188":"A","4189":"A","4190":"C","4191":",","4192":"C","4193":"A","4194":"A","4195":"C","4196":",","4197":"K","4198":"A","4199":"A","4200":"K","4201":",","4202":"C","4203":"A","4204":"A","4205":"C","4206":",","4207":"I","4208":"A","4209":"A","4210":"I","4211":",","4212":"E","4213":"A","4214":"A","4215":"E","4216":",","4217":"C","4218":"A","4219":"A","4220":"C","4221":",","4222":"C","4223":"A","4224":"A","4225":"C","4226":",","4227":"C","4228":"A","4229":"A","4230":"C","4231":",","4232":"K","4233":"A","4234":"A","4235":"K","4236":",","4237":"C","4238":"A","4239":"A","4240":"C","4241":",","4242":"C","4243":"A","4244":"A","4245":"C","4246":",","4247":"E","4248":"A","4249":"A","4250":"E","4251":";","4252":"Y","4253":"A","4254":"A","4255":"E","4256":",","4257":"C","4258":"A","4259":"A","4260":"C","4261":",","4262":"G","4263":"A","4264":"A","4265":"G","4266":",","4267":"C","4268":"A","4269":"A","4270":"C","4271":";","4272":"Y","4273":"A","4274":"A","4275":"E","4276":";","4277":"U","4278":"A","4279":"A","4280":"U","4281":";","4282":"U","4283":"A","4284":"C","4285":"3","4286":"G","4287":",","4288":"I","4289":"A","4290":"A","4291":"I","4292":",","4293":"E","4294":"A","4295":"A","4296":"E","4297":",","4298":"C","4299":"A","4300":"A","4301":"C","4302":",","4303":"C","4304":"A","4305":"A","4306":"C","4307":",","4308":"C","4309":"A","4310":"A","4311":"C","4312":",","4313":"K","4314":"A","4315":"A","4316":"K","4317":",","4318":"C","4319":"A","4320":"A","4321":"C","4322":",","4323":"K","4324":"A","4325":"A","4326":"K","4327":",","4328":"C","4329":"A","4330":"A","4331":"C","4332":",","4333":"C","4334":"A","4335":"A","4336":"C","4337":",","4338":"I","4339":"A","4340":"A","4341":"K","4342":",","4343":"E","4344":"A","4345":"A","4346":"E","4347":",","4348":"C","4349":"A","4350":"A","4351":"C","4352":",","4353":"C","4354":"A","4355":"A","4356":"C","4357":",","4358":"C","4359":"A","4360":"A","4361":"C","4362":",","4363":"G","4364":"A","4365":"A","4366":"G","4367":",","4368":"C","4369":"A","4370":"A","4371":"C","4372":",","4373":"C","4374":"A","4375":"A","4376":"C","4377":",","4378":"C","4379":"A","4380":"A","4381":"C","4382":",","4383":"C","4384":"A","4385":"A","4386":"C","4387":",","4388":"I","4389":"A","4390":"A","4391":"I","4392":",","4393":"E","4394":"A","4395":"A","4396":"E","4397":",","4398":"C","4399":"A","4400":"A","4401":"C","4402":",","4403":"C","4404":"A","4405":"A","4406":"C","4407":",","4408":"C","4409":"A","4410":"A","4411":"C","4412":",","4413":"G","4414":"A","4415":"A","4416":"G","4417":",","4418":"C","4419":"A","4420":"A","4421":"C","4422":",","4423":"C","4424":"A","4425":"A","4426":"C","4427":",","4428":"C","4429":"A","4430":"A","4431":"C","4432":",","4433":"C","4434":"A","4435":"A","4436":"E","4437":",","4438":"C","4439":"A","4440":"A","4441":"C","4442":",","4443":"E","4444":"A","4445":"A","4446":"E","4447":";","4448":"Y","4449":"A","4450":"A","4451":"E","4452":",","4453":"C","4454":"A","4455":"A","4456":"C","4457":",","4458":"C","4459":"A","4460":"A","4461":"C","4462":",","4463":"K","4464":"A","4465":"A","4466":"K","4467":",","4468":"G","4469":"A","4470":"A","4471":"G","4472":",","4473":"E","4474":"A","4475":"A","4476":"E","4477":",","4478":"C","4479":"A","4480":"A","4481":"C","4482":",","4483":"C","4484":"A","4485":"A","4486":"C","4487":",","4488":"C","4489":"A","4490":"A","4491":"C","4492":";","4493":"Y","4494":"A","4495":"A","4496":"E","4497":";","4498":"U","4499":"A","4500":"A","4501":"O","4502":"\"","4503":",","4504":"\"","4505":"f","4506":"i","4507":"l","4508":"e","4509":"\"","4510":":","4511":"\"","4512":"C","4513":":","4514":"\\","4515":"\\","4516":"U","4517":"s","4518":"e","4519":"r","4520":"s","4521":"\\","4522":"\\","4523":"j","4524":"u","4525":"a","4526":"n","4527":"m","4528":"\\","4529":"\\","4530":"D","4531":"o","4532":"c","4533":"u","4534":"m","4535":"e","4536":"n","4537":"t","4538":"s","4539":"\\","4540":"\\","4541":"5","4542":"7","4543":"B","4544":"l","4545":"o","4546":"c","4547":"k","4548":"s","4549":"\\","4550":"\\","4551":"s","4552":"i","4553":"n","4554":"g","4555":"l","4556":"e","4557":"-","4558":"m","4559":"e","4560":"a","4561":"l","4562":"-","4563":"a","4564":"p","4565":"p","4566":"-","4567":"w","4568":"e","4569":"b","4570":"\\","4571":"\\","4572":"s","4573":"r","4574":"c","4575":"\\","4576":"\\","4577":"a","4578":"p","4579":"p","4580":"\\","4581":"\\","4582":"v","4583":"i","4584":"e","4585":"w","4586":"\\","4587":"\\","4588":"L","4589":"o","4590":"g","4591":"i","4592":"n","4593":".","4594":"v","4595":"u","4596":"e","4597":"\"","4598":",","4599":"\"","4600":"s","4601":"o","4602":"u","4603":"r","4604":"c","4605":"e","4606":"s","4607":"C","4608":"o","4609":"n","4610":"t","4611":"e","4612":"n","4613":"t","4614":"\"","4615":":","4616":"[","4617":"\"","4618":"<","4619":"t","4620":"e","4621":"m","4622":"p","4623":"l","4624":"a","4625":"t","4626":"e","4627":">","4628":"\\","4629":"r","4630":"\\","4631":"n","4632":" ","4633":" ","4634":"<","4635":"d","4636":"i","4637":"v","4638":" ","4639":"c","4640":"l","4641":"a","4642":"s","4643":"s","4644":"=","4645":"\\","4646":"\"","4647"
[...]
"8097":"d","8098":">","8099":"\\","8100":"r","8101":"\\","8102":"n","8103":".","8104":"C","8105":"o","8106":"n","8107":"t","8108":"a","8109":"i","8110":"n","8111":"e","8112":"r","8113":" ","8114":"{","8115":"\\","8116":"r","8117":"\\","8118":"n","8119":" ","8120":" ","8121":"d","8122":"i","8123":"s","8124":"p","8125":"l","8126":"a","8127":"y","8128":":","8129":" ","8130":"g","8131":"r","8132":"i","8133":"d","8134":";","8135":"\\","8136":"r","8137":"\\","8138":"n","8139":" ","8140":" ","8141":"w","8142":"i","8143":"d","8144":"t","8145":"h","8146":":","8147":" ","8148":"1","8149":"0","8150":"0","8151":"%","8152":";","8153":"\\","8154":"r","8155":"\\","8156":"n","8157":" ","8158":" ","8159":"h","8160":"e","8161":"i","8162":"g","8163":"h","8164":"t","8165":":","8166":" ","8167":"1","8168":"0","8169":"0","8170":"v","8171":"h","8172":";","8173":"\\","8174":"r","8175":"\\","8176":"n","8177":" ","8178":" ","8179":"f","8180":"o","8181":"n","8182":"t","8183":"-","8184":"f","8185":"a","8186":"m","8187":"i","8188":"l","8189":"y","8190":":","8191":" ","8192":"R","8193":"o","8194":"b","8195":"o","8196":"t","8197":"o","8198":";","8199":"\\","8200":"r","8201":"\\","8202":"n","8203":" ","8204":" ","8205":"g","8206":"r","8207":"i","8208":"d","8209":"-","8210":"t","8211":"e","8212":"m","8213":"p","8214":"l","8215":"a","8216":"t","8217":"e","8218":"-","8219":"c","8220":"o","8221":"l","8222":"u","8223":"m","8224":"n","8225":"s","8226":":","8227":" ","8228":"6","8229":"0","8230":"0","8231":"p","8232":"x","8233":" ","8234":"a","8235":"u","8236":"t","8237":"o","8238":";","8239":"\\","8240":"r","8241":"\\","8242":"n","8243":"\\","8244":"r","8245":"\\","8246":"n","8247":" ","8248":" ","8249":".","8250":"C","8251":"o","8252":"n","8253":"t","8254":"a","8255":"i","8256":"n","8257":"e","8258":"r","8259":"_","8260":"L","8261":"o","8262":"g","8263":"o","8264":"_","8265":"S","8266":"i","8267":"d","8268":"e","8269":" ","8270":"{","8271":"\\","8272":"r","8273":"\\","8274":"n","8275":" ","8276":" ","8277":" ","8278":" ","8279":"g","8280":"r","8281":"i","8282":"d","8283":"-","8284":"c","8285":"o","8286":"l","8287":"u","8288":"m","8289":"n","8290":":","8291":" ","8292":"1","8293":"/","8294":"2","8295":";","8296":"\\","8297":"r","8298":"\\","8299":"n","8300":" ","8301":" ","8302":" ","8303":" ","8304":"d","8305":"i","8306":"s","8307":"p","8308":"l","8309":"a","8310":"y","8311":":","8312":" ","8313":"f","8314":"l","8315":"e","8316":"x","8317":";","8318":"\\","8319":"r","8320":"\\","8321":"n","8322":" ","8323":" ","8324":" ","8325":" ","8326":"f","8327":"l","8328":"e","8329":"x","8330":"-","8331":"d","8332":"i","8333":"r","8334":"e","8335":"c","8336":"t","8337":"i","8338":"o","8339":"n","8340":":","8341":" ","8342":"c","8343":"o","8344":"l","8345":"u","8346":"m","8347":"n","8348":";","8349":"\\","8350":"r","8351":"\\","8352":"n","8353":" ","8354":" ","8355":" ","8356":" ","8357":"g","8358":"a","8359":"p","8360":":","8361":" ","8362":"3","8363":"e","8364":"m","8365":";","8366":"\\","8367":"r","8368":"\\","8369":"n","8370":" ","8371":" ","8372":" ","8373":" ","8374":"j","8375":"u","8376":"s","8377":"t","8378":"i","8379":"f","8380":"y","8381":"-","8382":"c","8383":"o","8384":"n","8385":"t","8386":"e","8387":"n","8388":"t","8389":":","8390":" ","8391":"c","8392":"e","8393":"n","8394":"t","8395":"e","8396":"r","8397":";","8398":"\\","8399":"r","8400":"\\","8401":"n","8402":" ","8403":" ","8404":" ","8405":" ","8406":"b","8407":"a","8408":"c","8409":"k","8410":"g","8411":"r","8412":"o","8413":"u","8414":"n","8415":"d","8416":"-","8417":"c","8418":"o","8419":"l","8420":"o","8421":"r","8422":":","8423":" ","8424":"v","8425":"a","8426":"r","8427":"(","8428":"-","8429":"-","8430":"c","8431":"l","8432":"r","8433":"-","8434":"n","8435":"o","8436":"r","8437":"m","8438":"a","8439":"l","8440":"-","8441":"p","8442":"r","8443":"i","8444":"m","8445":"a","8446":"r","8447":"y","8448":")","8449":";","8450":"\\","8451":"r","8452":"\\","8453":"n","8454":"\\","8455":"r","8456":"\\","8457":"n","8458":" ","8459":" ","8460":" ","8461":" ","8462":".","8463":"C","8464":"o","8465":"n","8466":"t","8467":"a","8468":"i","8469":"n","8470":"e","8471":"r","8472":"_","8473":"I","8474":"m","8475":"g","8476":"_","8477":"l","8478":"o","8479":"g","8480":"o","8481":" ","8482":"{","8483":"\\","8484":"r","8485":"\\","8486":"n","8487":" ","8488":" ","8489":" ","8490":" ","8491":" ","8492":" ","8493":"d","8494":"i","8495":"s","8496":"p","8497":"l","8498":"a","8499":"y","8500":":","8501":" ","8502":"f","8503":"l","8504":"e","8505":"x","8506":";","8507":"\\","8508":"r","8509":"\\","8510":"n","8511":" ","8512":" ","8513":" ","8514":" ","8515":" ","8516":" ","8517":"f","8518":"l","8519":"e","8520":"x","8521":"-","8522":"d","8523":"i","8524":"r","8525":"e","8526":"c","8527":"t","8528":"i","8529":"o","8530":"n","8531":":","8532":" ","8533":"c","8534":"o","8535":"l","8536":"u","8537":"m","8538":"n","8539":";","8540":"\\","8541":"r","8542":"\\","8543":"n","8544":" ","8545":" ","8546":" ","8547":" ","8548":" ","8549":" ","8550":"#","8551":"L","8552":"o","8553":"g","8554":"o","8555":"P","8556":"a","8557":"g","8558":"e","8559":" ","8560":"{","8561":"\\","8562":"r","8563":"\\","8564":"n","8565":" ","8566":" ","8567":" ","8568":" ","8569":" ","8570":" ","8571":" ","8572":" ","8573":"m","8574":"a","8575":"r","8576":"g","8577":"i","8578":"n","8579":"-","8580":"l","8581":"e","8582":"f","8583":"t","8584":":","8585":" ","8586":"a","8587":"u","8588":"t","8589":"o","8590":";","8591":"\\","8592":"r","8593":"\\","8594":"n","8595":" ","8596":" ","8597":" ","8598":" ","8599":" ","8600":" ","8601":" ","8602":" ","8603":"m","8604":"a","8605":"r","8606":"g","8607":"i","8608":"n","8609":"-","8610":"r","8611":"i","8612":"g","8613":"h","8614":"t","8615":":","8616":" ","8617":"a","8618":"u","8619":"t","8620":"o","8621":";","8622":"\\","8623":"r","8624":"\\","8625":"n","8626":" ","8627":" ","8628":" ","8629":" ","8630":" ","8631":" ","8632":" ","8633":" ","8634":"w","8635":"i","8636":"d","8637":"t","8638":"h","8639":":","8640":" ","8641":"f","8642":"i","8643":"t","8644":"-","8645":"c","8646":"o","8647":"n","8648":"t","8649":"e","8650":"n","8651":"t","8652":";","8653":"\\","8654":"r","8655":"\\","8656":"n","8657":" ","8658":" ","8659":" ","8660":" ","8661":" ","8662":" ","8663":" ","8664":" ","8665":"h","8666":"e","8667":"i","8668":"g","8669":"h","8670":"t","8671":":","8672":" ","8673":"f","8674":"i","8675":"t","8676":"-","8677":"c","8678":"o","8679":"n","8680":"t","8681":"e","8682":"n","8683":"t","8684":";","8685":"\\","8686":"r","8687":"\\","8688":"n","8689":" ","8690":" ","8691":" ","8692":" ","8693":" ","8694":" ","8695":" ","8696":" ","8697":"t","8698":"r","8699":"a","8700":"n","8701":"s","8702":"f","8703":"o","8704":"r","8705":"m","8706":":","8707":" ","8708":"s","8709":"c","8710":"a","8711":"l","8712":"e","8713":"(","8714":"0","8715":".","8716":"8","8717":")","8718":";","8719":"\\","8720":"r","8721":"\\","8722":"n","8723":" ","8724":" ","8725":" ","8726":" ","8727":" ","8728":" ","8729":"}","8730":"\\","8731":"r","8732":"\\","8733":"n","8734":" ","8735":" ","8736":" ","8737":" ","8738":" ","8739":" ","8740":"h","8741":"1","8742":" ","8743":"{","8744":"\\","8745":"r","8746":"\\","8747":"n","8748":" ","8749":" ","8750":" ","8751":" ","8752":" ","8753":" ","8754":" ","8755":" ","8756":"t","8757":"e","8758":"x","8759":"t","8760":"-","8761":"a","8762":"l","8763":"i","8764":"g","8765":"n","8766":":","8767":" ","8768":"c","8769":"e","8770":"n","8771":"t","8772":"e","8773":"r","8774":";","8775":"\\","8776":"r","8777":"\\","8778":"n","8779":" ","8780":" ","8781":" ","8782":" ","8783":" ","8784":" ","8785":"}","8786":"\\","8787":"r","8788":"\\","8789":"n","8790":" ","8791":" ","8792":" ","8793":" ","8794":"}","8795":"\\","8796":"r","8797":"\\","8798":"n","8799":" ","8800":" ","8801":" ","8802":" ","8803":".","8804":"D","8805":"e","8806":"s","8807":"c","8808":"r","8809":"i","8810":"p","8811":"t","8812":"i","8813":"o","8814":"n","8815":"_","8816":"L","8817":"o","8818":"g","8819":"o","8820":" ","8821":"{","8822":"\\","8823":"r","8824":"\\","8825":"n","8826":" ","8827":" ","8828":" ","8829":" ","8830":" ","8831":" ","8832":"f","8833":"o","8834":"n","8835":"t","8836":"-","8837":"s","8838":"i","8839":"z","8840":"e","8841":":","8842":" ","8843":"v","8844":"a","8845":"r","8846":"(","8847":"-","8848":"-","8849":"h","8850":"3","8851":"-","8852":"f","8853":"o","8854":"n","8855":"t","8856":"-","8857":"s","8858":"i","8859":"z","8860":"e","8861":")","8862":";","8863":"\\","8864":"r","8865":"\\","8866":"n","8867":" ","8868":" ","8869":" ","8870":" ","8871":" ","8872":" ","8873":"f","8874":"o","8875":"n","8876":"t","8877":"-","8878":"w","8879":"e","8880":"i","8881":"g","8882":"h","8883":"t","8884":":","8885":" ","8886":"5","8887":"0","8888":"0","8889":";","8890":"\\","8891":"r","8892":"\\","8893":"n","8894":" ","8895":" ","8896":" ","8897":" ","8898":" ","8899":" ","8900":"l","8901":"i","8902":"n","8903":"e","8904":"-","8905":"h","8906":"e","8907":"i","8908":"g","8909":"h","8910":"t","8911":":","8912":" ","8913":"1","8914":".","8915":"2","8916":"e","8917":"m","8918":";","8919":"\\","8920":"r","8921":"\\","8922":"n","8923":"\\","8924":"r","8925":"\\","8926":"n","8927":" ","8928":" ","8929":" ","8930":" ","8931":" ","8932":" ","8933":"m","8934":"a","8935":"r","8936":"g","8937":"i","8938":"n","8939":":","8940":" ","8941":"0","8942":"e","8943":"m","8944":" ","8945":"2","8946":"e","8947":"m","8948":";","8949":"\\","8950":"r","8951":"\\","8952":"n","8953":" ","8954":" ","8955":" ","8956":" ","8957":"}","8958":"\\","8959":"r","8960":"\\","8961":"n","8962":" ","8963":" ","8964":"}","8965":"\\","8966":"r","8967":"\\","8968":"n","8969":" ","8970":" ","8971":".","8972":"C","8973":"o","8974":"n","8975":"t","8976":"a","8977":"i","8978":"n","8979":"e","8980":"r","8981":"_","8982":"L","8983":"o","8984":"g","8985":"i","8986":"n","8987":" ","8988":"{","8989":"\\","8990":"r","8991":"\\","8992":"n","8993":" ","8994":" ","8995":" ","8996":" ","8997":"p","8998":"a","8999":"d","9000":"d","9001":"i","9002":"n","9003":"g","9004":":","9005":" ","9006":"0","9007":"e","9008":"m","9009":" ","9010":"2","9011":"e","9012":"m","9013":";","9014":"\\","9015":"r","9016":"\\","9017":"n","9018":" ","9019":" ","9020":" ","9021":" ","9022":"d","9023":"i","9024":"s","9025":"p","9026":"l","9027":"a","9028":"y","9029":":","9030":" ","9031":"f","9032":"l","9033":"e","9034":"x","9035":";","9036":"\\","9037":"r","9038":"\\","9039":"n","9040":" ","9041":" ","9042":" ","9043":" ","9044":"f","9045":"l","9046":"e","9047":"x","9048":"-","9049":"d","9050":"i","9051":"r","9052":"e","9053":"c","9054":"t","9055":"i","9056":"o","9057":"n","9058":":","9059":" ","9060":"c","9061":"o","9062":"l","9063":"u","9064":"m","9065":"n","9066":";","9067":"\\","9068":"r","9069":"\\","9070":"n","9071":" ","9072":" ","9073":" ","9074":" ","9075":"g","9076":"r","9077":"i","9078":"d","9079":"-","9080":"c","9081":"o","9082":"l","9083":"u","9084":"m","9085":"n","9086":":","9087":" ","9088":"2","9089":"/","9090":"2","9091":";","9092":"\\","9093":"r","9094":"\\","9095":"n","9096":" ","9097":" ","9098":" ","9099":" ","9100":"j","9101":"u","9102":"s","9103":"t","9104":"i","9105":"f","9106":"y","9107":"-","9108":"s","9109":"e","9110":"l","9111":"f","9112":":","9113":" ","9114":"c","9115":"e","9116":"n","9117":"t","9118":"e","9119":"r","9120":";","9121":"\\","9122":"r","9123":"\\","9124":"n","9125":" ","9126":" ","9127":" ","9128":" ","9129":"j","9130":"u","9131":"s","9132":"t","9133":"i","9134":"f","9135":"y","9136":"-","9137":"c","9138":"o","9139":"n","9140":"t","9141":"e","9142":"n","9143":"t","9144":":","9145":" ","9146":"c","9147":"e","9148":"n","9149":"t","9150":"e","9151":"r","9152":";","9153":"\\","9154":"r","9155":"\\","9156":"n","9157":" ","9158":" ","9159":" ","9160":" ","9161":"g","9162":"a","9163":"p","9164":":","9165":" ","9166":"1","9167":"e","9168":"m","9169":";","9170":"\\","9171":"r","9172":"\\","9173":"n","9174":" ","9175":" ","9176":" ","9177":" ","9178":".","9179":"L","9180":"a","9181":"b","9182":"e","9183":"l","9184":"F","9185":"o","9186":"r","9187":"m","9188":" ","9189":"{","9190":"\\","9191":"r","9192":"\\","9193":"n","9194":" ","9195":" ","9196":" ","9197":" ","9198":" ","9199":" ","9200":"t","9201":"e","9202":"x","9203":"t","9204":"-","9205":"a","9206":"l","9207":"i","9208":"g","9209":"n","9210":":","9211":" ","9212":"c","9213":"e","9214":"n","9215":"t","9216":"e","9217":"r","9218":";","9219":"\\","9220":"r","9221":"\\","9222":"n","9223":" ","9224":" ","9225":" ","9226":" ","9227":"}","9228":"\\","9229":"r","9230":"\\","9231":"n","9232":" ","9233":" ","9234":" ","9235":" ","9236":".","9237":"F","9238":"o","9239":"r","9240":"m","9241":"_","9242":"C","9243":"o","9244":"n","9245":"t","9246":"a","9247":"i","9248":"n","9249":"e","9250":"r","9251":" ","9252":"{","9253":"\\","9254":"r","9255":"\\","9256":"n","9257":" ","9258":" ","9259":" ","9260":" ","9261":" ","9262":" ","9263":"w","9264":"i","9265":"d","9266":"t","9267":"h","9268":":","9269":" ","9270":"2","9271":"0","9272":"e","9273":"m","9274":";","9275":"\\","9276":"r","9277":"\\","9278":"n","9279":" ","9280":" ","9281":" ","9282":" ","9283":" ","9284":" ","9285":"d","9286":"i","9287":"s","9288":"p","9289":"l","9290":"a","9291":"y","9292":":","9293":" ","9294":"f","9295":"l","9296":"e","9297":"x","9298":";","9299":"\\","9300":"r","9301":"\\","9302":"n","9303":" ","9304":" ","9305":" ","9306":" ","9307":" ","9308":" ","9309":"f","9310":"l","9311":"e","9312":"x","9313":"-","9314":"d","9315":"i","9316":"r","9317":"e","9318":"c","9319":"t","9320":"i","9321":"o","9322":"n","9323":":","9324":" ","9325":"c","9326":"o","9327":"l","9328":"u","9329":"m","9330":"n","9331":";","9332":"\\","9333":"r","9334":"\\","9335":"n","9336":" ","9337":" ","9338":" ","9339":" ","9340":" ","9341":" ","9342":"g","9343":"a","9344":"p","9345":":","9346":" ","9347":"1","9348":"e","9349":"m","9350":";","9351":"\\","9352":"r","9353":"\\","9354":"n","9355":" ","9356":" ","9357":" ","9358":" ","9359":" ","9360":" ","9361":".","9362":"F","9363":"i","9364":"e","9365":"l","9366":"d","9367":"_","9368":"i","9369":"n","9370":"p","9371":"u","9372":"t","9373":" ","9374":"{","9375":"\\","9376":"r","9377":"\\","9378":"n","9379":" ","9380":" ","9381":" ","9382":" ","9383":" ","9384":" ","9385":" ","9386":" ","9387":"d","9388":"i","9389":"s","9390":"p","9391":"l","9392":"a","9393":"y","9394":":","9395":" ","9396":"f","9397":"l","9398":"e","9399":"x","9400":";","9401":"\\","9402":"r","9403":"\\","9404":"n","9405":" ","9406":" ","9407":" ","9408":" ","9409":" ","9410":" ","9411":" ","9412":" ","9413":"g","9414":"a","9415":"p","9416":":","9417":" ","9418":"0","9419":".","9420":"3","9421":"e","9422":"m","9423":";","9424":"\\","9425":"r","9426":"\\","9427":"n","9428":" ","9429":" ","9430":" ","9431":" ","9432":" ","9433":" ","9434":" ","9435":" ","9436":"f","9437":"l","9438":"e","9439":"x","9440":"-","9441":"d","9442":"i","9443":"r","9444":"e","9445":"c","9446":"t","9447":"i","9448":"o","9449":"n","9450":":","9451":" ","9452":"c","9453":"o","9454":"l","9455":"u","9456":"m","9457":"n","9458":";","9459":"\\","9460":"r","9461":"\\","9462":"n","9463":" ","9464":" ","9465":" ","9466":" ","9467":" ","9468":" ","9469":" ","9470":" ","9471":".","9472":"L","9473":"a","9474":"b","9475":"e","9476":"l","9477":"_","9478":"i","9479":"n","9480":"p","9481":"u","9482":"t","9483":" ","9484":"{","9485":"\\","9486":"r","9487":"\\","9488":"n","9489":" ","9490":" ","9491":" ","9492":" ","9493":" ","9494":" ","9495":" ","9496":" ","9497":" ","9498":" ","9499":"f","9500":"o","9501":"n","9502":"t","9503":"-","9504":"w","9505":"e","9506":"i","9507":"g","9508":"h","9509":"t","9510":":","9511":" ","9512":"5","9513":"0","9514":"0","9515":";","9516":"\\","9517":"r","9518":"\\","9519":"n","9520":" ","9521":" ","9522":" ","9523":" ","9524":" ","9525":" ","9526":" ","9527":" ","9528":" ","9529":" ","9530":"m","9531":"a","9532":"r","9533":"g","9534":"i","9535":"n","9536":"-","9537":"b","9538":"o","9539":"t","9540":"t","9541":"o","9542":"m","9543":":","9544":" ","9545":"0","9546":".","9547":"2","9548":"e","9549":"m","9550":";","9551":"\\","9552":"r","9553":"\\","9554":"n","9555":" ","9556":" ","9557":" ","9558":" ","9559":" ","9560":" ","9561":" ","9562":" ","9563":"}","9564":"\\","9565":"r","9566":"\\","9567":"n","9568":" ","9569":" ","9570":" ","9571":" ","9572":" ","9573":" ","9574":" ","9575":" ","9576":".","9577":"E","9578":"r","9579":"r","9580":"o","9581":"r","9582":"_","9583":"M","9584":"e","9585":"s","9586":"s","9587":"a","9588":"g","9589":"e","9590":"_","9591":"F","9592":"i","9593":"e","9594":"l","9595":"d","9596":" ","9597":"{","9598":"\\","9599":"r","9600":"\\","9601":"n","9602":" ","9603":" ","9604":" ","9605":" ","9606":" ","9607":" ","9608":" ","9609":" ","9610":" ","9611":" ","9612":"f","9613":"o","9614":"n","9615":"t","9616":"-","9617":"s","9618":"i","9619":"z","9620":"e","9621":":","9622":" ","9623":"v","9624":"a","9625":"r","9626":"(","9627":"-","9628":"-","9629":"s","9630":"m","9631":"a","9632":"l","9633":"l","9634":"-","9635":"f","9636":"o","9637":"n","9638":"t","9639":"-","9640":"s","9641":"i","9642":"z","9643":"e","9644":")","9645":";","9646":"\\","9647":"r","9648":"\\","9649":"n","9650":" ","9651":" ","9652":" ","9653":" ","9654":" ","9655":" ","9656":" ","9657":" ","9658":" ","9659":" ","9660":"c","9661":"o","9662":"l","9663":"o","9664":"r","9665":":","9666":" ","9667":"v","9668":"a","9669":"r","9670":"(","9671":"-","9672":"-","9673":"c","9674":"l","9675":"r","9676":"-","9677":"n","9678":"o","9679":"r","9680":"m","9681":"a","9682":"l","9683":"-","9684":"r","9685":"e","9686":"d","9687":")","9688":";","9689":"\\","9690":"r","9691":"\\","9692":"n","9693":" ","9694":" ","9695":" ","9696":" ","9697":" ","9698":" ","9699":" ","9700":" ","9701":"}","9702":"\\","9703":"r","9704":"\\","9705":"n","9706":" ","9707":" ","9708":" ","9709":" ","9710":" ","9711":" ","9712":"}","9713":"\\","9714":"r","9715":"\\","9716":"n","9717":" ","9718":" ","9719":" ","9720":" ","9721":"}","9722":"\\","9723":"r","9724":"\\","9725":"n","9726":" ","9727":" ","9728":" ","9729":" ","9730":"#","9731":"L","9732":"a","9733":"b","9734":"e","9735":"l","9736":"_","9737":"F","9738":"o","9739":"r","9740":"g","9741":"e","9742":"t","9743":"P","9744":"a","9745":"s","9746":"s","9747":"w","9748":"o","9749":"r","9750":"d","9751":" ","9752":"{","9753":"\\","9754":"r","9755":"\\","9756":"n","9757":" ","9758":" ","9759":" ","9760":" ","9761":" ","9762":" ","9763":"f","9764":"o","9765":"n","9766":"t","9767":"-","9768":"w","9769":"e","9770":"i","9771":"g","9772":"h","9773":"t","9774":":","9775":" ","9776":"5","9777":"0","9778":"0","9779":";","9780":"\\","9781":"r","9782":"\\","9783":"n","9784":" ","9785":" ","9786":" ","9787":" ","9788":" ","9789":" ","9790":"f","9791":"o","9792":"n","9793":"t","9794":"-","9795":"s","9796":"i","9797":"z","9798":"e","9799":":","9800":" ","9801":"v","9802":"a","9803":"r","9804":"(","9805":"-","9806":"-","9807":"s","9808":"m","9809":"a","9810":"l","9811":"l","9812":"-","9813":"f","9814":"o","9815":"n","9816":"t","9817":"-","9818":"s","9819":"i","9820":"z","9821":"e","9822":")","9823":";","9824":"\\","9825":"r","9826":"\\","9827":"n","9828":" ","9829":" ","9830":" ","9831":" ","9832":" ","9833":" ","9834":"a","9835":"l","9836":"i","9837":"g","9838":"n","9839":"-","9840":"s","9841":"e","9842":"l","9843":"f","9844":":","9845":" ","9846":"f","9847":"l","9848":"e","9849":"x","9850":"-","9851":"e","9852":"n","9853":"d","9854":";","9855":"\\","9856":"r","9857":"\\","9858":"n","9859":" ","9860":" ","9861":" ","9862":" ","9863":"}","9864":"\\","9865":"r","9866":"\\","9867":"n","9868":" ","9869":" ","9870":"}","9871":"\\","9872":"r","9873":"\\","9874":"n","9875":"}","9876":"\\","9877":"r","9878":"\\","9879":"n","9880":"<","9881":"/","9882":"s","9883":"t","9884":"y","9885":"l","9886":"e","9887":">","9888":"\"","9889":"]","9890":"}"},"_coverageSchema":"1a1c01bbd47fc00a2c39e90264f33305004495a9","hash":"b91970f04cfac58d947feee3938a831ed5d8a3b1"}
}
