TN:
SF:src\app\view\Login.vue
FN:7,(anonymous_0)
FN:15,get
FN:21,(anonymous_2)
FN:29,(anonymous_3)
FN:34,(anonymous_4)
FN:41,(anonymous_5)
FN:52,(anonymous_6)
FN:53,adopt
FN:54,(anonymous_8)
FN:58,(anonymous_9)
FN:59,fulfilled
FN:66,rejected
FN:73,step
FN:83,(anonymous_13)
FN:88,sent
FN:103,(anonymous_15)
FN:106,verb
FN:107,(anonymous_17)
FN:111,step
FN:188,setup
FN:197,mounted
FN:210,data
FN:221,handleSubmit
FN:222,(anonymous_23)
FN:224,(anonymous_24)
FN:280,render
FN:294,(anonymous_26)
FN:300,(anonymous_27)
FN:317,(anonymous_28)
FNF:29
FNH:8
FNDA:0,(anonymous_0)
FNDA:0,get
FNDA:0,(anonymous_2)
FNDA:0,(anonymous_3)
FNDA:0,(anonymous_4)
FNDA:1,(anonymous_5)
FNDA:0,(anonymous_6)
FNDA:0,adopt
FNDA:0,(anonymous_8)
FNDA:0,(anonymous_9)
FNDA:0,fulfilled
FNDA:0,rejected
FNDA:0,step
FNDA:0,(anonymous_13)
FNDA:0,sent
FNDA:0,(anonymous_15)
FNDA:0,verb
FNDA:0,(anonymous_17)
FNDA:0,step
FNDA:3,setup
FNDA:3,mounted
FNDA:3,data
FNDA:0,handleSubmit
FNDA:0,(anonymous_23)
FNDA:0,(anonymous_24)
FNDA:6,render
FNDA:8,(anonymous_26)
FNDA:6,(anonymous_27)
FNDA:4,(anonymous_28)
DA:5,1
DA:8,0
DA:9,0
DA:10,0
DA:11,0
DA:16,0
DA:20,0
DA:22,0
DA:23,0
DA:27,1
DA:30,0
DA:35,0
DA:39,1
DA:42,1
DA:43,0
DA:44,0
DA:45,0
DA:46,0
DA:50,1
DA:54,0
DA:55,0
DA:58,0
DA:60,0
DA:61,0
DA:63,0
DA:67,0
DA:68,0
DA:70,0
DA:74,0
DA:76,0
DA:81,1
DA:84,0
DA:89,0
DA:90,0
DA:99,0
DA:104,0
DA:107,0
DA:108,0
DA:112,0
DA:113,0
DA:114,0
DA:115,0
DA:116,0
DA:119,0
DA:120,0
DA:122,0
DA:123,0
DA:128,0
DA:129,0
DA:130,0
DA:131,0
DA:133,0
DA:134,0
DA:135,0
DA:137,0
DA:138,0
DA:139,0
DA:141,0
DA:142,0
DA:143,0
DA:145,0
DA:146,0
DA:147,0
DA:148,0
DA:150,0
DA:151,0
DA:152,0
DA:153,0
DA:155,0
DA:156,0
DA:157,0
DA:159,0
DA:161,0
DA:162,0
DA:164,0
DA:166,0
DA:167,0
DA:173,1
DA:176,1
DA:177,1
DA:178,1
DA:179,1
DA:180,1
DA:181,1
DA:182,1
DA:183,1
DA:189,3
DA:190,3
DA:191,3
DA:198,3
DA:211,3
DA:222,0
DA:224,0
DA:225,0
DA:227,0
DA:228,0
DA:230,0
DA:231,0
DA:236,0
DA:237,0
DA:240,0
DA:242,0
DA:243,0
DA:244,0
DA:246,0
DA:253,1
DA:254,1
DA:255,1
DA:256,1
DA:257,1
DA:258,1
DA:259,1
DA:260,1
DA:261,1
DA:262,1
DA:266,1
DA:267,1
DA:271,1
DA:272,1
DA:276,1
DA:281,6
DA:282,6
DA:283,6
DA:284,6
DA:294,8
DA:300,6
DA:317,4
DA:339,1
DA:340,1
LF:129
LH:44
BRDA:5,0,0,1
BRDA:5,0,1,1
BRDA:7,1,0,1
BRDA:7,1,1,0
BRDA:8,2,0,0
BRDA:8,2,1,0
BRDA:10,3,0,0
BRDA:10,3,1,0
BRDA:10,4,0,0
BRDA:10,4,1,0
BRDA:10,5,0,0
BRDA:10,5,1,0
BRDA:10,6,0,0
BRDA:10,6,1,0
BRDA:22,7,0,0
BRDA:22,7,1,0
BRDA:27,8,0,1
BRDA:27,8,1,1
BRDA:29,9,0,1
BRDA:29,9,1,0
BRDA:39,10,0,1
BRDA:39,10,1,1
BRDA:42,11,0,1
BRDA:42,11,1,0
BRDA:42,12,0,1
BRDA:42,12,1,1
BRDA:44,13,0,0
BRDA:44,13,1,0
BRDA:44,14,0,0
BRDA:44,14,1,0
BRDA:44,15,0,0
BRDA:44,15,1,0
BRDA:50,16,0,1
BRDA:50,16,1,1
BRDA:54,17,0,0
BRDA:54,17,1,0
BRDA:58,18,0,0
BRDA:58,18,1,0
BRDA:74,19,0,0
BRDA:74,19,1,0
BRDA:76,20,0,0
BRDA:76,20,1,0
BRDA:81,21,0,1
BRDA:81,21,1,1
BRDA:89,22,0,0
BRDA:89,22,1,0
BRDA:103,23,0,0
BRDA:103,23,1,0
BRDA:112,24,0,0
BRDA:112,24,1,0
BRDA:113,25,0,0
BRDA:113,25,1,0
BRDA:113,26,0,0
BRDA:113,26,1,0
BRDA:114,27,0,0
BRDA:114,27,1,0
BRDA:114,28,0,0
BRDA:114,28,1,0
BRDA:114,28,2,0
BRDA:114,29,0,0
BRDA:114,29,1,0
BRDA:114,30,0,0
BRDA:114,30,1,0
BRDA:114,31,0,0
BRDA:114,31,1,0
BRDA:114,32,0,0
BRDA:114,32,1,0
BRDA:115,33,0,0
BRDA:115,33,1,0
BRDA:116,34,0,0
BRDA:116,34,1,0
BRDA:116,34,2,0
BRDA:116,34,3,0
BRDA:116,34,4,0
BRDA:116,34,5,0
BRDA:137,35,0,0
BRDA:137,35,1,0
BRDA:137,36,0,0
BRDA:137,36,1,0
BRDA:137,36,2,0
BRDA:137,37,0,0
BRDA:137,37,1,0
BRDA:141,38,0,0
BRDA:141,38,1,0
BRDA:141,39,0,0
BRDA:141,39,1,0
BRDA:141,39,2,0
BRDA:141,39,3,0
BRDA:145,40,0,0
BRDA:145,40,1,0
BRDA:145,41,0,0
BRDA:145,41,1,0
BRDA:150,42,0,0
BRDA:150,42,1,0
BRDA:150,43,0,0
BRDA:150,43,1,0
BRDA:155,44,0,0
BRDA:155,44,1,0
BRDA:166,45,0,0
BRDA:166,45,1,0
BRDA:168,46,0,0
BRDA:168,46,1,0
BRDA:225,47,0,0
BRDA:225,47,1,0
BRDA:225,47,2,0
BRDA:225,47,3,0
BRDA:225,47,4,0
BRDA:300,48,0,8
BRDA:300,48,1,2
BRDA:317,49,0,8
BRDA:317,49,1,2
BRDA:333,50,0,0
BRDA:333,50,1,6
BRF:113
BRH:20
end_of_record
